This is XeTeX, Version 3.1415926-2.4-0.9998 (TeX Live 2012) (format=xelatex 2012.6.30)  25 JUL 2013 17:41
entering extended mode
 restricted \write18 enabled.
 %&-line parsing enabled.
**Arnold_cat_map.tex
(./Arnold_cat_map.tex
LaTeX2e <2011/06/27>
Babel <v3.8m> and hyphenation patterns for english, dumylang, nohyphenation, ge
rman-x-2012-05-30, ngerman-x-2012-05-30, afrikaans, ancientgreek, ibycus, arabi
c, armenian, basque, bulgarian, catalan, pinyin, coptic, croatian, czech, danis
h, dutch, ukenglish, usenglishmax, esperanto, estonian, ethiopic, farsi, finnis
h, french, friulan, galician, german, ngerman, swissgerman, monogreek, greek, h
ungarian, icelandic, assamese, bengali, gujarati, hindi, kannada, malayalam, ma
rathi, oriya, panjabi, tamil, telugu, indonesian, interlingua, irish, italian, 
kurmanji, latin, latvian, lithuanian, mongolian, mongolianlmc, bokmal, nynorsk,
 polish, portuguese, romanian, romansh, russian, sanskrit, serbian, serbianc, s
lovak, slovenian, spanish, swedish, turkish, turkmen, ukrainian, uppersorbian, 
welsh, loaded.
(/usr/local/lib/python2.7/site-packages/sphinx/texinputs/sphinxhowto.cls

LaTeX Warning: You have requested document class `/usr/local/lib/python2.7/site
-packages/sphinx/texinputs/sphinxhowto',
               but the document class provides `sphinxhowto'.

Document Class: sphinxhowto 2009/06/02 Document class (Sphinx HOWTO)
(/usr/local/texlive/2012/texmf-dist/tex/latex/base/article.cls
Document Class: article 2007/10/19 v1.4h Standard LaTeX document class
(/usr/local/texlive/2012/texmf-dist/tex/latex/base/size10.clo
File: size10.clo 2007/10/19 v1.4h Standard LaTeX file (size option)
)
\c@part=\count80
\c@section=\count81
\c@subsection=\count82
\c@subsubsection=\count83
\c@paragraph=\count84
\c@subparagraph=\count85
\c@figure=\count86
\c@table=\count87
\abovecaptionskip=\skip41
\belowcaptionskip=\skip42
\bibindent=\dimen102
))
(/usr/local/texlive/2012/texmf-dist/tex/latex/base/inputenc.sty
Package: inputenc 2008/03/30 v1.1d Input encoding file
\inpenc@prehook=\toks14
\inpenc@posthook=\toks15

(/usr/local/texlive/2012/texmf-dist/tex/latex/base/utf8.def
File: utf8.def 2008/04/05 v1.1m UTF-8 support for inputenc
Now handling font encoding OML ...
... no UTF-8 mapping file for font encoding OML
Now handling font encoding T1 ...
... processing UTF-8 mapping file for font encoding T1

(/usr/local/texlive/2012/texmf-dist/tex/latex/base/t1enc.dfu
File: t1enc.dfu 2008/04/05 v1.1m UTF-8 support for inputenc
   defining Unicode char U+00A1 (decimal 161)
   defining Unicode char U+00A3 (decimal 163)
   defining Unicode char U+00AB (decimal 171)
   defining Unicode char U+00BB (decimal 187)
   defining Unicode char U+00BF (decimal 191)
   defining Unicode char U+00C0 (decimal 192)
   defining Unicode char U+00C1 (decimal 193)
   defining Unicode char U+00C2 (decimal 194)
   defining Unicode char U+00C3 (decimal 195)
   defining Unicode char U+00C4 (decimal 196)
   defining Unicode char U+00C5 (decimal 197)
   defining Unicode char U+00C6 (decimal 198)
   defining Unicode char U+00C7 (decimal 199)
   defining Unicode char U+00C8 (decimal 200)
   defining Unicode char U+00C9 (decimal 201)
   defining Unicode char U+00CA (decimal 202)
   defining Unicode char U+00CB (decimal 203)
   defining Unicode char U+00CC (decimal 204)
   defining Unicode char U+00CD (decimal 205)
   defining Unicode char U+00CE (decimal 206)
   defining Unicode char U+00CF (decimal 207)
   defining Unicode char U+00D0 (decimal 208)
   defining Unicode char U+00D1 (decimal 209)
   defining Unicode char U+00D2 (decimal 210)
   defining Unicode char U+00D3 (decimal 211)
   defining Unicode char U+00D4 (decimal 212)
   defining Unicode char U+00D5 (decimal 213)
   defining Unicode char U+00D6 (decimal 214)
   defining Unicode char U+00D8 (decimal 216)
   defining Unicode char U+00D9 (decimal 217)
   defining Unicode char U+00DA (decimal 218)
   defining Unicode char U+00DB (decimal 219)
   defining Unicode char U+00DC (decimal 220)
   defining Unicode char U+00DD (decimal 221)
   defining Unicode char U+00DE (decimal 222)
   defining Unicode char U+00DF (decimal 223)
   defining Unicode char U+00E0 (decimal 224)
   defining Unicode char U+00E1 (decimal 225)
   defining Unicode char U+00E2 (decimal 226)
   defining Unicode char U+00E3 (decimal 227)
   defining Unicode char U+00E4 (decimal 228)
   defining Unicode char U+00E5 (decimal 229)
   defining Unicode char U+00E6 (decimal 230)
   defining Unicode char U+00E7 (decimal 231)
   defining Unicode char U+00E8 (decimal 232)
   defining Unicode char U+00E9 (decimal 233)
   defining Unicode char U+00EA (decimal 234)
   defining Unicode char U+00EB (decimal 235)
   defining Unicode char U+00EC (decimal 236)
   defining Unicode char U+00ED (decimal 237)
   defining Unicode char U+00EE (decimal 238)
   defining Unicode char U+00EF (decimal 239)
   defining Unicode char U+00F0 (decimal 240)
   defining Unicode char U+00F1 (decimal 241)
   defining Unicode char U+00F2 (decimal 242)
   defining Unicode char U+00F3 (decimal 243)
   defining Unicode char U+00F4 (decimal 244)
   defining Unicode char U+00F5 (decimal 245)
   defining Unicode char U+00F6 (decimal 246)
   defining Unicode char U+00F8 (decimal 248)
   defining Unicode char U+00F9 (decimal 249)
   defining Unicode char U+00FA (decimal 250)
   defining Unicode char U+00FB (decimal 251)
   defining Unicode char U+00FC (decimal 252)
   defining Unicode char U+00FD (decimal 253)
   defining Unicode char U+00FE (decimal 254)
   defining Unicode char U+00FF (decimal 255)
   defining Unicode char U+0102 (decimal 258)
   defining Unicode char U+0103 (decimal 259)
   defining Unicode char U+0104 (decimal 260)
   defining Unicode char U+0105 (decimal 261)
   defining Unicode char U+0106 (decimal 262)
   defining Unicode char U+0107 (decimal 263)
   defining Unicode char U+010C (decimal 268)
   defining Unicode char U+010D (decimal 269)
   defining Unicode char U+010E (decimal 270)
   defining Unicode char U+010F (decimal 271)
   defining Unicode char U+0110 (decimal 272)
   defining Unicode char U+0111 (decimal 273)
   defining Unicode char U+0118 (decimal 280)
   defining Unicode char U+0119 (decimal 281)
   defining Unicode char U+011A (decimal 282)
   defining Unicode char U+011B (decimal 283)
   defining Unicode char U+011E (decimal 286)
   defining Unicode char U+011F (decimal 287)
   defining Unicode char U+0130 (decimal 304)
   defining Unicode char U+0131 (decimal 305)
   defining Unicode char U+0132 (decimal 306)
   defining Unicode char U+0133 (decimal 307)
   defining Unicode char U+0139 (decimal 313)
   defining Unicode char U+013A (decimal 314)
   defining Unicode char U+013D (decimal 317)
   defining Unicode char U+013E (decimal 318)
   defining Unicode char U+0141 (decimal 321)
   defining Unicode char U+0142 (decimal 322)
   defining Unicode char U+0143 (decimal 323)
   defining Unicode char U+0144 (decimal 324)
   defining Unicode char U+0147 (decimal 327)
   defining Unicode char U+0148 (decimal 328)
   defining Unicode char U+014A (decimal 330)
   defining Unicode char U+014B (decimal 331)
   defining Unicode char U+0150 (decimal 336)
   defining Unicode char U+0151 (decimal 337)
   defining Unicode char U+0152 (decimal 338)
   defining Unicode char U+0153 (decimal 339)
   defining Unicode char U+0154 (decimal 340)
   defining Unicode char U+0155 (decimal 341)
   defining Unicode char U+0158 (decimal 344)
   defining Unicode char U+0159 (decimal 345)
   defining Unicode char U+015A (decimal 346)
   defining Unicode char U+015B (decimal 347)
   defining Unicode char U+015E (decimal 350)
   defining Unicode char U+015F (decimal 351)
   defining Unicode char U+0160 (decimal 352)
   defining Unicode char U+0161 (decimal 353)
   defining Unicode char U+0162 (decimal 354)
   defining Unicode char U+0163 (decimal 355)
   defining Unicode char U+0164 (decimal 356)
   defining Unicode char U+0165 (decimal 357)
   defining Unicode char U+016E (decimal 366)
   defining Unicode char U+016F (decimal 367)
   defining Unicode char U+0170 (decimal 368)
   defining Unicode char U+0171 (decimal 369)
   defining Unicode char U+0178 (decimal 376)
   defining Unicode char U+0179 (decimal 377)
   defining Unicode char U+017A (decimal 378)
   defining Unicode char U+017B (decimal 379)
   defining Unicode char U+017C (decimal 380)
   defining Unicode char U+017D (decimal 381)
   defining Unicode char U+017E (decimal 382)
   defining Unicode char U+200C (decimal 8204)
   defining Unicode char U+2013 (decimal 8211)
   defining Unicode char U+2014 (decimal 8212)
   defining Unicode char U+2018 (decimal 8216)
   defining Unicode char U+2019 (decimal 8217)
   defining Unicode char U+201A (decimal 8218)
   defining Unicode char U+201C (decimal 8220)
   defining Unicode char U+201D (decimal 8221)
   defining Unicode char U+201E (decimal 8222)
   defining Unicode char U+2030 (decimal 8240)
   defining Unicode char U+2031 (decimal 8241)
   defining Unicode char U+2039 (decimal 8249)
   defining Unicode char U+203A (decimal 8250)
   defining Unicode char U+2423 (decimal 9251)
)
Now handling font encoding OT1 ...
... processing UTF-8 mapping file for font encoding OT1

(/usr/local/texlive/2012/texmf-dist/tex/latex/base/ot1enc.dfu
File: ot1enc.dfu 2008/04/05 v1.1m UTF-8 support for inputenc
   defining Unicode char U+00A1 (decimal 161)
   defining Unicode char U+00A3 (decimal 163)
   defining Unicode char U+00B8 (decimal 184)
   defining Unicode char U+00BF (decimal 191)
   defining Unicode char U+00C5 (decimal 197)
   defining Unicode char U+00C6 (decimal 198)
   defining Unicode char U+00D8 (decimal 216)
   defining Unicode char U+00DF (decimal 223)
   defining Unicode char U+00E6 (decimal 230)
   defining Unicode char U+00EC (decimal 236)
   defining Unicode char U+00ED (decimal 237)
   defining Unicode char U+00EE (decimal 238)
   defining Unicode char U+00EF (decimal 239)
   defining Unicode char U+00F8 (decimal 248)
   defining Unicode char U+0131 (decimal 305)
   defining Unicode char U+0141 (decimal 321)
   defining Unicode char U+0142 (decimal 322)
   defining Unicode char U+0152 (decimal 338)
   defining Unicode char U+0153 (decimal 339)
   defining Unicode char U+2013 (decimal 8211)
   defining Unicode char U+2014 (decimal 8212)
   defining Unicode char U+2018 (decimal 8216)
   defining Unicode char U+2019 (decimal 8217)
   defining Unicode char U+201C (decimal 8220)
   defining Unicode char U+201D (decimal 8221)
)
Now handling font encoding OMS ...
... processing UTF-8 mapping file for font encoding OMS

(/usr/local/texlive/2012/texmf-dist/tex/latex/base/omsenc.dfu
File: omsenc.dfu 2008/04/05 v1.1m UTF-8 support for inputenc
   defining Unicode char U+00A7 (decimal 167)
   defining Unicode char U+00B6 (decimal 182)
   defining Unicode char U+00B7 (decimal 183)
   defining Unicode char U+2020 (decimal 8224)
   defining Unicode char U+2021 (decimal 8225)
   defining Unicode char U+2022 (decimal 8226)
)
Now handling font encoding OMX ...
... no UTF-8 mapping file for font encoding OMX
Now handling font encoding U ...
... no UTF-8 mapping file for font encoding U
   defining Unicode char U+00A9 (decimal 169)
   defining Unicode char U+00AA (decimal 170)
   defining Unicode char U+00AE (decimal 174)
   defining Unicode char U+00BA (decimal 186)
   defining Unicode char U+02C6 (decimal 710)
   defining Unicode char U+02DC (decimal 732)
   defining Unicode char U+200C (decimal 8204)
   defining Unicode char U+2026 (decimal 8230)
   defining Unicode char U+2122 (decimal 8482)
   defining Unicode char U+2423 (decimal 9251)
))
   defining Unicode char U+00A0 (decimal 160)

(/usr/local/texlive/2012/texmf-dist/tex/latex/base/fontenc.sty
Package: fontenc 2005/09/27 v1.99g Standard LaTeX package

(/usr/local/texlive/2012/texmf-dist/tex/latex/base/t1enc.def
File: t1enc.def 2005/09/27 v1.99g Standard LaTeX file
LaTeX Font Info:    Redeclaring font encoding T1 on input line 43.
))
(/usr/local/texlive/2012/texmf-dist/tex/generic/babel/babel.sty
Package: babel 2008/07/08 v3.8m The Babel package

(/usr/local/texlive/2012/texmf-dist/tex/generic/babel/english.ldf
Language: english 2005/03/30 v3.3o English support from the babel system

(/usr/local/texlive/2012/texmf-dist/tex/generic/babel/babel.def
File: babel.def 2008/07/08 v3.8m Babel common definitions
\babel@savecnt=\count88
\U@D=\dimen103
)
\l@canadian = a dialect from \language\l@american 
\l@australian = a dialect from \language\l@british 
\l@newzealand = a dialect from \language\l@british 
))
(/usr/local/texlive/2012/texmf-dist/tex/latex/psnfss/times.sty
Package: times 2005/04/12 PSNFSS-v9.2a (SPQR) 
)
(/usr/local/texlive/2012/texmf-dist/tex/latex/import/import.sty
Package: import 2009/03/23  v 5.1
)
(/usr/local/lib/python2.7/site-packages/sphinx/texinputs/fncychap.sty

LaTeX Warning: You have requested package `/usr/local/lib/python2.7/site-packag
es/sphinx/texinputs/fncychap',
               but the package provides `fncychap'.

Package: fncychap 2007/07/30 v1.34 LaTeX package (Revised chapters)
\RW=\skip43
\mylen=\skip44
\myhi=\skip45
\px=\skip46
\py=\skip47
\pyy=\skip48
\pxx=\skip49
\c@AlphaCnt=\count89
\c@AlphaDecCnt=\count90
) (/usr/local/texlive/2012/texmf-dist/tex/latex/tools/longtable.sty
Package: longtable 2004/02/01 v4.11 Multi-page Table package (DPC)
\LTleft=\skip50
\LTright=\skip51
\LTpre=\skip52
\LTpost=\skip53
\LTchunksize=\count91
\LTcapwidth=\dimen104
\LT@head=\box26
\LT@firsthead=\box27
\LT@foot=\box28
\LT@lastfoot=\box29
\LT@cols=\count92
\LT@rows=\count93
\c@LT@tables=\count94
\c@LT@chunks=\count95
\LT@p@ftn=\toks16
)
(/usr/local/lib/python2.7/site-packages/sphinx/texinputs/sphinx.sty

LaTeX Warning: You have requested package `/usr/local/lib/python2.7/site-packag
es/sphinx/texinputs/sphinx',
               but the package provides `sphinx'.

Package: sphinx 2010/01/15 LaTeX package (Sphinx markup)
(/usr/local/texlive/2012/texmf-dist/tex/latex/fancyhdr/fancyhdr.sty
\fancy@headwidth=\skip54
\f@ncyO@elh=\skip55
\f@ncyO@erh=\skip56
\f@ncyO@olh=\skip57
\f@ncyO@orh=\skip58
\f@ncyO@elf=\skip59
\f@ncyO@erf=\skip60
\f@ncyO@olf=\skip61
\f@ncyO@orf=\skip62
)
(/usr/local/texlive/2012/texmf-dist/tex/latex/base/textcomp.sty
Package: textcomp 2005/09/27 v1.99g Standard LaTeX package
Package textcomp Info: Sub-encoding information:
(textcomp)               5 = only ISO-Adobe without \textcurrency
(textcomp)               4 = 5 + \texteuro
(textcomp)               3 = 4 + \textohm
(textcomp)               2 = 3 + \textestimated + \textcurrency
(textcomp)               1 = TS1 - \textcircled - \t
(textcomp)               0 = TS1 (full)
(textcomp)             Font families with sub-encoding setting implement
(textcomp)             only a restricted character set as indicated.
(textcomp)             Family '?' is the default used for unknown fonts.
(textcomp)             See the documentation for details.
Package textcomp Info: Setting ? sub-encoding to TS1/1 on input line 71.

(/usr/local/texlive/2012/texmf-dist/tex/latex/base/ts1enc.def
File: ts1enc.def 2001/06/05 v3.0e (jk/car/fm) Standard LaTeX file
Now handling font encoding TS1 ...
... processing UTF-8 mapping file for font encoding TS1

(/usr/local/texlive/2012/texmf-dist/tex/latex/base/ts1enc.dfu
File: ts1enc.dfu 2008/04/05 v1.1m UTF-8 support for inputenc
   defining Unicode char U+00A2 (decimal 162)
   defining Unicode char U+00A3 (decimal 163)
   defining Unicode char U+00A4 (decimal 164)
   defining Unicode char U+00A5 (decimal 165)
   defining Unicode char U+00A6 (decimal 166)
   defining Unicode char U+00A7 (decimal 167)
   defining Unicode char U+00A8 (decimal 168)
   defining Unicode char U+00A9 (decimal 169)
   defining Unicode char U+00AA (decimal 170)
   defining Unicode char U+00AC (decimal 172)
   defining Unicode char U+00AE (decimal 174)
   defining Unicode char U+00AF (decimal 175)
   defining Unicode char U+00B0 (decimal 176)
   defining Unicode char U+00B1 (decimal 177)
   defining Unicode char U+00B2 (decimal 178)
   defining Unicode char U+00B3 (decimal 179)
   defining Unicode char U+00B4 (decimal 180)
   defining Unicode char U+00B5 (decimal 181)
   defining Unicode char U+00B6 (decimal 182)
   defining Unicode char U+00B7 (decimal 183)
   defining Unicode char U+00B9 (decimal 185)
   defining Unicode char U+00BA (decimal 186)
   defining Unicode char U+00BC (decimal 188)
   defining Unicode char U+00BD (decimal 189)
   defining Unicode char U+00BE (decimal 190)
   defining Unicode char U+00D7 (decimal 215)
   defining Unicode char U+00F7 (decimal 247)
   defining Unicode char U+0192 (decimal 402)
   defining Unicode char U+02C7 (decimal 711)
   defining Unicode char U+02D8 (decimal 728)
   defining Unicode char U+02DD (decimal 733)
   defining Unicode char U+0E3F (decimal 3647)
   defining Unicode char U+2016 (decimal 8214)
   defining Unicode char U+2020 (decimal 8224)
   defining Unicode char U+2021 (decimal 8225)
   defining Unicode char U+2022 (decimal 8226)
   defining Unicode char U+2030 (decimal 8240)
   defining Unicode char U+2031 (decimal 8241)
   defining Unicode char U+203B (decimal 8251)
   defining Unicode char U+203D (decimal 8253)
   defining Unicode char U+2044 (decimal 8260)
   defining Unicode char U+204E (decimal 8270)
   defining Unicode char U+2052 (decimal 8274)
   defining Unicode char U+20A1 (decimal 8353)
   defining Unicode char U+20A4 (decimal 8356)
   defining Unicode char U+20A6 (decimal 8358)
   defining Unicode char U+20A9 (decimal 8361)
   defining Unicode char U+20AB (decimal 8363)
   defining Unicode char U+20AC (decimal 8364)
   defining Unicode char U+20B1 (decimal 8369)
   defining Unicode char U+2103 (decimal 8451)
   defining Unicode char U+2116 (decimal 8470)
   defining Unicode char U+2117 (decimal 8471)
   defining Unicode char U+211E (decimal 8478)
   defining Unicode char U+2120 (decimal 8480)
   defining Unicode char U+2122 (decimal 8482)
   defining Unicode char U+2126 (decimal 8486)
   defining Unicode char U+2127 (decimal 8487)
   defining Unicode char U+212E (decimal 8494)
   defining Unicode char U+2190 (decimal 8592)
   defining Unicode char U+2191 (decimal 8593)
   defining Unicode char U+2192 (decimal 8594)
   defining Unicode char U+2193 (decimal 8595)
   defining Unicode char U+2329 (decimal 9001)
   defining Unicode char U+232A (decimal 9002)
   defining Unicode char U+2422 (decimal 9250)
   defining Unicode char U+25E6 (decimal 9702)
   defining Unicode char U+25EF (decimal 9711)
   defining Unicode char U+266A (decimal 9834)
))
LaTeX Info: Redefining \oldstylenums on input line 266.
Package textcomp Info: Setting cmr sub-encoding to TS1/0 on input line 281.
Package textcomp Info: Setting cmss sub-encoding to TS1/0 on input line 282.
Package textcomp Info: Setting cmtt sub-encoding to TS1/0 on input line 283.
Package textcomp Info: Setting cmvtt sub-encoding to TS1/0 on input line 284.
Package textcomp Info: Setting cmbr sub-encoding to TS1/0 on input line 285.
Package textcomp Info: Setting cmtl sub-encoding to TS1/0 on input line 286.
Package textcomp Info: Setting ccr sub-encoding to TS1/0 on input line 287.
Package textcomp Info: Setting ptm sub-encoding to TS1/4 on input line 288.
Package textcomp Info: Setting pcr sub-encoding to TS1/4 on input line 289.
Package textcomp Info: Setting phv sub-encoding to TS1/4 on input line 290.
Package textcomp Info: Setting ppl sub-encoding to TS1/3 on input line 291.
Package textcomp Info: Setting pag sub-encoding to TS1/4 on input line 292.
Package textcomp Info: Setting pbk sub-encoding to TS1/4 on input line 293.
Package textcomp Info: Setting pnc sub-encoding to TS1/4 on input line 294.
Package textcomp Info: Setting pzc sub-encoding to TS1/4 on input line 295.
Package textcomp Info: Setting bch sub-encoding to TS1/4 on input line 296.
Package textcomp Info: Setting put sub-encoding to TS1/5 on input line 297.
Package textcomp Info: Setting uag sub-encoding to TS1/5 on input line 298.
Package textcomp Info: Setting ugq sub-encoding to TS1/5 on input line 299.
Package textcomp Info: Setting ul8 sub-encoding to TS1/4 on input line 300.
Package textcomp Info: Setting ul9 sub-encoding to TS1/4 on input line 301.
Package textcomp Info: Setting augie sub-encoding to TS1/5 on input line 302.
Package textcomp Info: Setting dayrom sub-encoding to TS1/3 on input line 303.
Package textcomp Info: Setting dayroms sub-encoding to TS1/3 on input line 304.

Package textcomp Info: Setting pxr sub-encoding to TS1/0 on input line 305.
Package textcomp Info: Setting pxss sub-encoding to TS1/0 on input line 306.
Package textcomp Info: Setting pxtt sub-encoding to TS1/0 on input line 307.
Package textcomp Info: Setting txr sub-encoding to TS1/0 on input line 308.
Package textcomp Info: Setting txss sub-encoding to TS1/0 on input line 309.
Package textcomp Info: Setting txtt sub-encoding to TS1/0 on input line 310.
Package textcomp Info: Setting lmr sub-encoding to TS1/0 on input line 311.
Package textcomp Info: Setting lmdh sub-encoding to TS1/0 on input line 312.
Package textcomp Info: Setting lmss sub-encoding to TS1/0 on input line 313.
Package textcomp Info: Setting lmssq sub-encoding to TS1/0 on input line 314.
Package textcomp Info: Setting lmvtt sub-encoding to TS1/0 on input line 315.
Package textcomp Info: Setting qhv sub-encoding to TS1/0 on input line 316.
Package textcomp Info: Setting qag sub-encoding to TS1/0 on input line 317.
Package textcomp Info: Setting qbk sub-encoding to TS1/0 on input line 318.
Package textcomp Info: Setting qcr sub-encoding to TS1/0 on input line 319.
Package textcomp Info: Setting qcs sub-encoding to TS1/0 on input line 320.
Package textcomp Info: Setting qpl sub-encoding to TS1/0 on input line 321.
Package textcomp Info: Setting qtm sub-encoding to TS1/0 on input line 322.
Package textcomp Info: Setting qzc sub-encoding to TS1/0 on input line 323.
Package textcomp Info: Setting qhvc sub-encoding to TS1/0 on input line 324.
Package textcomp Info: Setting futs sub-encoding to TS1/4 on input line 325.
Package textcomp Info: Setting futx sub-encoding to TS1/4 on input line 326.
Package textcomp Info: Setting futj sub-encoding to TS1/4 on input line 327.
Package textcomp Info: Setting hlh sub-encoding to TS1/3 on input line 328.
Package textcomp Info: Setting hls sub-encoding to TS1/3 on input line 329.
Package textcomp Info: Setting hlst sub-encoding to TS1/3 on input line 330.
Package textcomp Info: Setting hlct sub-encoding to TS1/5 on input line 331.
Package textcomp Info: Setting hlx sub-encoding to TS1/5 on input line 332.
Package textcomp Info: Setting hlce sub-encoding to TS1/5 on input line 333.
Package textcomp Info: Setting hlcn sub-encoding to TS1/5 on input line 334.
Package textcomp Info: Setting hlcw sub-encoding to TS1/5 on input line 335.
Package textcomp Info: Setting hlcf sub-encoding to TS1/5 on input line 336.
Package textcomp Info: Setting pplx sub-encoding to TS1/3 on input line 337.
Package textcomp Info: Setting pplj sub-encoding to TS1/3 on input line 338.
Package textcomp Info: Setting ptmx sub-encoding to TS1/4 on input line 339.
Package textcomp Info: Setting ptmj sub-encoding to TS1/4 on input line 340.
)
(/usr/local/texlive/2012/texmf-dist/tex/latex/fancybox/fancybox.sty
Package: fancybox 2010/05/15 1.4

Style option: `fancybox' v1.4 <2010/05/15> (tvz)
\@fancybox=\box30
\shadowsize=\dimen105
\@Sbox=\box31
\do@VerbBox=\toks17
\the@fancyput=\toks18
\this@fancyput=\toks19
\EndVerbatimTokens=\toks20
\Verbatim@Outfile=\write3
\Verbatim@Infile=\read1
) (/usr/local/texlive/2012/texmf-dist/tex/latex/titlesec/titlesec.sty
Package: titlesec 2011/12/15 v2.10.0 Sectioning titles
\ttl@box=\box32
\beforetitleunit=\skip63
\aftertitleunit=\skip64
\ttl@plus=\dimen106
\ttl@minus=\dimen107
\ttl@toksa=\toks21
\titlewidth=\dimen108
\titlewidthlast=\dimen109
\titlewidthfirst=\dimen110
)
(/usr/local/texlive/2012/texmf-dist/tex/latex/tabulary/tabulary.sty
Package: tabulary 2008/12/01 v0.9 tabulary package (DPC)

(/usr/local/texlive/2012/texmf-dist/tex/latex/tools/array.sty
Package: array 2008/09/09 v2.4c Tabular extension package (FMi)
\col@sep=\dimen111
\extrarowheight=\dimen112
\NC@list=\toks22
\extratabsurround=\skip65
\backup@length=\skip66
)
\TY@count=\count96
\TY@linewidth=\dimen113
\tymin=\dimen114
\tymax=\dimen115
\TY@tablewidth=\dimen116
)
(/usr/local/texlive/2012/texmf-dist/tex/latex/amsmath/amsmath.sty
Package: amsmath 2000/07/18 v2.13 AMS math features
\@mathmargin=\skip67

For additional information on amsmath, use the `?' option.
(/usr/local/texlive/2012/texmf-dist/tex/latex/amsmath/amstext.sty
Package: amstext 2000/06/29 v2.01

(/usr/local/texlive/2012/texmf-dist/tex/latex/amsmath/amsgen.sty
File: amsgen.sty 1999/11/30 v2.0
\@emptytoks=\toks23
\ex@=\dimen117
))
(/usr/local/texlive/2012/texmf-dist/tex/latex/amsmath/amsbsy.sty
Package: amsbsy 1999/11/29 v1.2d
\pmbraise@=\dimen118
)
(/usr/local/texlive/2012/texmf-dist/tex/latex/amsmath/amsopn.sty
Package: amsopn 1999/12/14 v2.01 operator names
)
\inf@bad=\count97
LaTeX Info: Redefining \frac on input line 211.
\uproot@=\count98
\leftroot@=\count99
LaTeX Info: Redefining \overline on input line 307.
\classnum@=\count100
\DOTSCASE@=\count101
LaTeX Info: Redefining \ldots on input line 379.
LaTeX Info: Redefining \dots on input line 382.
LaTeX Info: Redefining \cdots on input line 467.
\Mathstrutbox@=\box33
\strutbox@=\box34
\big@size=\dimen119
LaTeX Font Info:    Redeclaring font encoding OML on input line 567.
LaTeX Font Info:    Redeclaring font encoding OMS on input line 568.
\macc@depth=\count102
\c@MaxMatrixCols=\count103
\dotsspace@=\muskip10
\c@parentequation=\count104
\dspbrk@lvl=\count105
\tag@help=\toks24
\row@=\count106
\column@=\count107
\maxfields@=\count108
\andhelp@=\toks25
\eqnshift@=\dimen120
\alignsep@=\dimen121
\tagshift@=\dimen122
\tagwidth@=\dimen123
\totwidth@=\dimen124
\lineht@=\dimen125
\@envbody=\toks26
\multlinegap=\skip68
\multlinetaggap=\skip69
\mathdisplay@stack=\toks27
LaTeX Info: Redefining \[ on input line 2666.
LaTeX Info: Redefining \] on input line 2667.
)
(/usr/local/texlive/2012/texmf-dist/tex/latex/base/makeidx.sty
Package: makeidx 2000/03/29 v1.0m Standard LaTeX package
)
(/usr/local/texlive/2012/texmf-dist/tex/latex/framed/framed.sty
Package: framed 2011/10/22 v 0.96: framed or shaded text with page breaks
\OuterFrameSep=\skip70
\fb@frw=\dimen126
\fb@frh=\dimen127
\FrameRule=\dimen128
\FrameSep=\dimen129
)
(/usr/local/texlive/2012/texmf-dist/tex/latex/base/ifthen.sty
Package: ifthen 2001/05/26 v1.1c Standard LaTeX ifthen package (DPC)
)
(/usr/local/texlive/2012/texmf-dist/tex/latex/graphics/color.sty
Package: color 2005/11/14 v1.0j Standard LaTeX Color (DPC)

(/usr/local/texlive/2012/texmf-dist/tex/latex/latexconfig/color.cfg
File: color.cfg 2007/01/18 v1.5 color configuration of teTeX/TeXLive
)
Package color Info: Driver file: xetex.def on input line 130.

(/usr/local/texlive/2012/texmf-dist/tex/xelatex/xetex-def/xetex.def
File: xetex.def 2009/11/22 v0.94 LaTeX color/graphics driver for XeTeX (RRM/JK)

))
(/usr/local/texlive/2012/texmf-dist/tex/latex/fancyvrb/fancyvrb.sty
Package: fancyvrb 2008/02/07

Style option: `fancyvrb' v2.7a, with DG/SPQR fixes, and firstline=lastline fix 
<2008/02/07> (tvz)
(/usr/local/texlive/2012/texmf-dist/tex/latex/graphics/keyval.sty
Package: keyval 1999/03/16 v1.13 key=value parser (DPC)
\KV@toks@=\toks28
)
\FV@CodeLineNo=\count109
\FV@InFile=\read2
\FV@TabBox=\box35
\c@FancyVerbLine=\count110
\FV@StepNumber=\count111
\FV@OutFile=\write4
)
(/usr/local/texlive/2012/texmf-dist/tex/latex/threeparttable/threeparttable.sty
Package: threeparttable 2003/06/13  v 3.0
\@tempboxb=\box36
) (/usr/local/texlive/2012/texmf-dist/tex/latex/mdwtools/footnote.sty
Package: footnote 1997/01/28 1.13 Save footnotes around boxes
\fn@notes=\box37
\fn@width=\dimen130
)
(/usr/local/texlive/2012/texmf-dist/tex/latex/wrapfig/wrapfig.sty
\wrapoverhang=\dimen131
\WF@size=\dimen132
\c@WF@wrappedlines=\count112
\WF@box=\box38
\WF@everypar=\toks29
Package: wrapfig 2003/01/31  v 3.6
)
(/usr/local/texlive/2012/texmf-dist/tex/latex/parskip/parskip.sty
Package: parskip 2001/04/09 non-zero parskip adjustments
)
(/usr/local/texlive/2012/texmf-dist/tex/latex/graphics/graphicx.sty
Package: graphicx 1999/02/16 v1.0f Enhanced LaTeX Graphics (DPC,SPQR)

(/usr/local/texlive/2012/texmf-dist/tex/latex/graphics/graphics.sty
Package: graphics 2009/02/05 v1.0o Standard LaTeX Graphics (DPC,SPQR)

(/usr/local/texlive/2012/texmf-dist/tex/latex/graphics/trig.sty
Package: trig 1999/03/16 v1.09 sin cos tan (DPC)
)
(/usr/local/texlive/2012/texmf-dist/tex/latex/latexconfig/graphics.cfg
File: graphics.cfg 2010/04/23 v1.9 graphics configuration of TeX Live
)
Package graphics Info: Driver file: xetex.def on input line 91.
)
\Gin@req@height=\dimen133
\Gin@req@width=\dimen134
)
\distancetoright=\skip71
\py@argswidth=\skip72
\py@noticelength=\skip73
\lineblockindentation=\skip74
\image@box=\box39
\image@width=\dimen135

(/usr/local/texlive/2012/texmf-dist/tex/latex/hyperref/hyperref.sty
Package: hyperref 2012/05/13 v6.82q Hypertext links for LaTeX

(/usr/local/texlive/2012/texmf-dist/tex/generic/oberdiek/hobsub-hyperref.sty
Package: hobsub-hyperref 2012/05/28 v1.13 Bundle oberdiek, subset hyperref (HO)


(/usr/local/texlive/2012/texmf-dist/tex/generic/oberdiek/hobsub-generic.sty
Package: hobsub-generic 2012/05/28 v1.13 Bundle oberdiek, subset generic (HO)
Package: hobsub 2012/05/28 v1.13 Construct package bundles (HO)
Package: infwarerr 2010/04/08 v1.3 Providing info/warning/error messages (HO)
Package: ltxcmds 2011/11/09 v1.22 LaTeX kernel commands for general use (HO)
Package: ifluatex 2010/03/01 v1.3 Provides the ifluatex switch (HO)
Package ifluatex Info: LuaTeX not detected.
Package: ifvtex 2010/03/01 v1.5 Detect VTeX and its facilities (HO)
Package ifvtex Info: VTeX not detected.
Package: intcalc 2007/09/27 v1.1 Expandable calculations with integers (HO)
Package: ifpdf 2011/01/30 v2.3 Provides the ifpdf switch (HO)
Package ifpdf Info: pdfTeX in PDF mode is not detected.
Package: etexcmds 2011/02/16 v1.5 Avoid name clashes with e-TeX commands (HO)
Package etexcmds Info: Could not find \expanded.
(etexcmds)             That can mean that you are not using pdfTeX 1.50 or
(etexcmds)             that some package has redefined \expanded.
(etexcmds)             In the latter case, load this package earlier.
Package: kvsetkeys 2012/04/25 v1.16 Key value parser (HO)
Package: kvdefinekeys 2011/04/07 v1.3 Define keys (HO)
Package: pdftexcmds 2011/11/29 v0.20 Utility functions of pdfTeX for LuaTeX (HO
)
Package pdftexcmds Info: LuaTeX not detected.
Package pdftexcmds Info: pdfTeX >= 1.30 not detected.
Package pdftexcmds Info: \pdf@primitive is available.
Package pdftexcmds Info: \pdf@ifprimitive is available.
Package pdftexcmds Info: \pdfdraftmode not found.
Package: pdfescape 2011/11/25 v1.13 Implements pdfTeX's escape features (HO)
Package: bigintcalc 2012/04/08 v1.3 Expandable calculations on big integers (HO
)
Package: bitset 2011/01/30 v1.1 Handle bit-vector datatype (HO)
Package: uniquecounter 2011/01/30 v1.2 Provide unlimited unique counter (HO)
)
Package hobsub Info: Skipping package `hobsub' (already loaded).
Package: letltxmacro 2010/09/02 v1.4 Let assignment for LaTeX macros (HO)
Package: hopatch 2012/05/28 v1.2 Wrapper for package hooks (HO)
Package: xcolor-patch 2011/01/30 xcolor patch
Package: atveryend 2011/06/30 v1.8 Hooks at the very end of document (HO)
Package atveryend Info: \enddocument detected (standard20110627).
Package: atbegshi 2011/10/05 v1.16 At begin shipout hook (HO)
Package: refcount 2011/10/16 v3.4 Data extraction from label references (HO)
Package: hycolor 2011/01/30 v1.7 Color options for hyperref/bookmark (HO)
)
(/usr/local/texlive/2012/texmf-dist/tex/generic/ifxetex/ifxetex.sty
Package: ifxetex 2010/09/12 v0.6 Provides ifxetex conditional
)
(/usr/local/texlive/2012/texmf-dist/tex/latex/oberdiek/kvoptions.sty
Package: kvoptions 2011/06/30 v3.11 Key value format for package options (HO)
)
\@linkdim=\dimen136
\Hy@linkcounter=\count113
\Hy@pagecounter=\count114

(/usr/local/texlive/2012/texmf-dist/tex/latex/hyperref/pd1enc.def
File: pd1enc.def 2012/05/13 v6.82q Hyperref: PDFDocEncoding definition (HO)
Now handling font encoding PD1 ...
... no UTF-8 mapping file for font encoding PD1
)
\Hy@SavedSpaceFactor=\count115

(/usr/local/texlive/2012/texmf-dist/tex/xelatex/xetexconfig/hyperref.cfg
File: hyperref.cfg 2008/07/11 v1.2 hyperref configuration for XeLaTeX
)
Package hyperref Info: Option `colorlinks' set `true' on input line 3941.
Package hyperref Info: Option `breaklinks' set `true' on input line 3941.
Package hyperref Info: Hyper figures OFF on input line 4062.
Package hyperref Info: Link nesting OFF on input line 4067.
Package hyperref Info: Hyper index ON on input line 4070.
Package hyperref Info: Plain pages OFF on input line 4077.
Package hyperref Info: Backreferencing OFF on input line 4082.
Package hyperref Info: Implicit mode ON; LaTeX internals redefined.
Package hyperref Info: Bookmarks ON on input line 4300.
\c@Hy@tempcnt=\count116

(/usr/local/texlive/2012/texmf-dist/tex/latex/url/url.sty
\Urlmuskip=\muskip11
Package: url 2006/04/12  ver 3.3  Verb mode for urls, etc.
)
LaTeX Info: Redefining \url on input line 4653.
\Fld@menulength=\count117
\Field@Width=\dimen137
\Fld@charsize=\dimen138
Package hyperref Info: Hyper figures OFF on input line 5773.
Package hyperref Info: Link nesting OFF on input line 5778.
Package hyperref Info: Hyper index ON on input line 5781.
Package hyperref Info: backreferencing OFF on input line 5788.
Package hyperref Info: Link coloring ON on input line 5791.
Package hyperref Info: Link coloring with OCG OFF on input line 5798.
Package hyperref Info: PDF/A mode OFF on input line 5803.
LaTeX Info: Redefining \ref on input line 5843.
LaTeX Info: Redefining \pageref on input line 5847.
\Hy@abspage=\count118
\c@Item=\count119
\c@Hfootnote=\count120
)

Package hyperref Message: Driver (autodetected): hxetex.

(/usr/local/texlive/2012/texmf-dist/tex/latex/hyperref/hxetex.def
File: hxetex.def 2012/05/13 v6.82q Hyperref driver for XeTeX

(/usr/local/texlive/2012/texmf-dist/tex/latex/hyperref/puenc.def
File: puenc.def 2012/05/13 v6.82q Hyperref: PDF Unicode definition (HO)
Now handling font encoding PU ...
... no UTF-8 mapping file for font encoding PU
)
(/usr/local/texlive/2012/texmf-dist/tex/generic/oberdiek/stringenc.sty
Package: stringenc 2011/12/02 v1.10 Convert strings between diff. encodings (HO
)
)
\pdfm@box=\box40
\c@Hy@AnnotLevel=\count121
\HyField@AnnotCount=\count122
\Fld@listcount=\count123
\c@bookmark@seq@number=\count124

(/usr/local/texlive/2012/texmf-dist/tex/latex/oberdiek/rerunfilecheck.sty
Package: rerunfilecheck 2011/04/15 v1.7 Rerun checks for auxiliary files (HO)
Package rerunfilecheck Info: Feature \pdfmdfivesum is not available
(rerunfilecheck)             (e.g. pdfTeX or LuaTeX with package `pdftexcmds').

(rerunfilecheck)             Therefore file contents cannot be checked efficien
tly
(rerunfilecheck)             and the loading of the package is aborted.
)
\Hy@SectionHShift=\skip75
)
(/usr/local/texlive/2012/texmf-dist/tex/latex/oberdiek/hypcap.sty
Package: hypcap 2011/02/16 v1.11 Adjusting the anchors of captions (HO)
)
\DUlineblockindent=\skip76
)
(/usr/local/texlive/2012/texmf-dist/tex/latex/multirow/multirow.sty
\bigstrutjot=\dimen139
)
(/usr/local/texlive/2012/texmf-dist/tex/latex/amsfonts/amssymb.sty
Package: amssymb 2009/06/22 v3.00

(/usr/local/texlive/2012/texmf-dist/tex/latex/amsfonts/amsfonts.sty
Package: amsfonts 2009/06/22 v3.00 Basic AMSFonts support
\symAMSa=\mathgroup4
\symAMSb=\mathgroup5
LaTeX Font Info:    Overwriting math alphabet `\mathfrak' in version `bold'
(Font)                  U/euf/m/n --> U/euf/b/n on input line 96.
))
(/usr/local/texlive/2012/texmf-dist/tex/latex/ucs/ucs.sty
Package: ucs 2004/10/17 UCS: Unicode input support

(/usr/local/texlive/2012/texmf-dist/tex/latex/ucs/data/uni-global.def
File: uni-global.def 2012/04/20 UCS: Unicode global data
)
\uc@secondtry=\count125
\uc@combtoks=\toks30
\uc@combtoksb=\toks31
\uc@temptokena=\toks32
)
(/usr/local/texlive/2012/texmf-dist/tex/latex/tools/enumerate.sty
Package: enumerate 1999/03/05 v3.00 enumerate extensions (DPC)
\@enLab=\toks33
)
(/usr/local/texlive/2012/texmf-dist/tex/latex/needspace/needspace.sty
Package: needspace 2010/09/12 v1.3c reserve vertical space
)
(/usr/local/texlive/2012/texmf-dist/tex/latex/pgf/frontendlayer/tikz.sty
(/usr/local/texlive/2012/texmf-dist/tex/latex/pgf/basiclayer/pgf.sty
(/usr/local/texlive/2012/texmf-dist/tex/latex/pgf/utilities/pgfrcs.sty
(/usr/local/texlive/2012/texmf-dist/tex/generic/pgf/utilities/pgfutil-common.te
x
\pgfutil@everybye=\toks34
)
(/usr/local/texlive/2012/texmf-dist/tex/generic/pgf/utilities/pgfutil-latex.def
\pgfutil@abb=\box41
(/usr/local/texlive/2012/texmf-dist/tex/latex/ms/everyshi.sty
Package: everyshi 2001/05/15 v3.00 EveryShipout Package (MS)
))
(/usr/local/texlive/2012/texmf-dist/tex/generic/pgf/utilities/pgfrcs.code.tex
Package: pgfrcs 2010/10/25 v2.10 (rcs-revision 1.24)
))
Package: pgf 2008/01/15 v2.10 (rcs-revision 1.12)
(/usr/local/texlive/2012/texmf-dist/tex/latex/pgf/basiclayer/pgfcore.sty
(/usr/local/texlive/2012/texmf-dist/tex/latex/pgf/systemlayer/pgfsys.sty
(/usr/local/texlive/2012/texmf-dist/tex/generic/pgf/systemlayer/pgfsys.code.tex
Package: pgfsys 2010/06/30 v2.10 (rcs-revision 1.37)
(/usr/local/texlive/2012/texmf-dist/tex/generic/pgf/utilities/pgfkeys.code.tex
\pgfkeys@pathtoks=\toks35
\pgfkeys@temptoks=\toks36

(/usr/local/texlive/2012/texmf-dist/tex/generic/pgf/utilities/pgfkeysfiltered.c
ode.tex
\pgfkeys@tmptoks=\toks37
))
\pgf@x=\dimen140
\pgf@y=\dimen141
\pgf@xa=\dimen142
\pgf@ya=\dimen143
\pgf@xb=\dimen144
\pgf@yb=\dimen145
\pgf@xc=\dimen146
\pgf@yc=\dimen147
\w@pgf@writea=\write5
\r@pgf@reada=\read3
\c@pgf@counta=\count126
\c@pgf@countb=\count127
\c@pgf@countc=\count128
\c@pgf@countd=\count129

(/usr/local/texlive/2012/texmf-dist/tex/generic/pgf/systemlayer/pgf.cfg
File: pgf.cfg 2008/05/14  (rcs-revision 1.7)
)
Package pgfsys Info: Driver file for pgf: pgfsys-xetex.def on input line 900.

(/usr/local/texlive/2012/texmf-dist/tex/generic/pgf/systemlayer/pgfsys-xetex.de
f
File: pgfsys-xetex.def 2010/02/16  (rcs-revision 1.3)

(/usr/local/texlive/2012/texmf-dist/tex/generic/pgf/systemlayer/pgfsys-common-p
df.def
File: pgfsys-common-pdf.def 2008/05/19  (rcs-revision 1.10)
)
(/usr/local/texlive/2012/texmf-dist/tex/generic/pgf/systemlayer/pgfsys-common-p
df-via-dvi.def
File: pgfsys-common-pdf-via-dvi.def 2008/05/19  (rcs-revision 1.7)
)))
(/usr/local/texlive/2012/texmf-dist/tex/generic/pgf/systemlayer/pgfsyssoftpath.
code.tex
File: pgfsyssoftpath.code.tex 2008/07/18  (rcs-revision 1.7)
\pgfsyssoftpath@smallbuffer@items=\count130
\pgfsyssoftpath@bigbuffer@items=\count131
)
(/usr/local/texlive/2012/texmf-dist/tex/generic/pgf/systemlayer/pgfsysprotocol.
code.tex
File: pgfsysprotocol.code.tex 2006/10/16  (rcs-revision 1.4)
)) (/usr/local/texlive/2012/texmf-dist/tex/latex/xcolor/xcolor.sty
Package: xcolor 2007/01/21 v2.11 LaTeX color extensions (UK)

(/usr/local/texlive/2012/texmf-dist/tex/latex/latexconfig/color.cfg
File: color.cfg 2007/01/18 v1.5 color configuration of teTeX/TeXLive
)
Package xcolor Info: Driver file: xetex.def on input line 225.
LaTeX Info: Redefining \color on input line 702.
Package xcolor Info: Model `cmy' substituted by `cmy0' on input line 1337.
Package xcolor Info: Model `RGB' extended on input line 1353.
Package xcolor Info: Model `HTML' substituted by `rgb' on input line 1355.
Package xcolor Info: Model `Hsb' substituted by `hsb' on input line 1356.
Package xcolor Info: Model `tHsb' substituted by `hsb' on input line 1357.
Package xcolor Info: Model `HSB' substituted by `hsb' on input line 1358.
Package xcolor Info: Model `Gray' substituted by `gray' on input line 1359.
Package xcolor Info: Model `wave' substituted by `hsb' on input line 1360.
)
(/usr/local/texlive/2012/texmf-dist/tex/generic/pgf/basiclayer/pgfcore.code.tex
Package: pgfcore 2010/04/11 v2.10 (rcs-revision 1.7)
(/usr/local/texlive/2012/texmf-dist/tex/generic/pgf/math/pgfmath.code.tex
(/usr/local/texlive/2012/texmf-dist/tex/generic/pgf/math/pgfmathcalc.code.tex
(/usr/local/texlive/2012/texmf-dist/tex/generic/pgf/math/pgfmathutil.code.tex)
(/usr/local/texlive/2012/texmf-dist/tex/generic/pgf/math/pgfmathparser.code.tex
\pgfmath@dimen=\dimen148
\pgfmath@count=\count132
\pgfmath@box=\box42
\pgfmath@toks=\toks38
\pgfmath@stack@operand=\toks39
\pgfmath@stack@operation=\toks40
)
(/usr/local/texlive/2012/texmf-dist/tex/generic/pgf/math/pgfmathfunctions.code.
tex
(/usr/local/texlive/2012/texmf-dist/tex/generic/pgf/math/pgfmathfunctions.basic
.code.tex)
(/usr/local/texlive/2012/texmf-dist/tex/generic/pgf/math/pgfmathfunctions.trigo
nometric.code.tex)
(/usr/local/texlive/2012/texmf-dist/tex/generic/pgf/math/pgfmathfunctions.rando
m.code.tex)
(/usr/local/texlive/2012/texmf-dist/tex/generic/pgf/math/pgfmathfunctions.compa
rison.code.tex)
(/usr/local/texlive/2012/texmf-dist/tex/generic/pgf/math/pgfmathfunctions.base.
code.tex)
(/usr/local/texlive/2012/texmf-dist/tex/generic/pgf/math/pgfmathfunctions.round
.code.tex)
(/usr/local/texlive/2012/texmf-dist/tex/generic/pgf/math/pgfmathfunctions.misc.
code.tex)))
(/usr/local/texlive/2012/texmf-dist/tex/generic/pgf/math/pgfmathfloat.code.tex
\c@pgfmathroundto@lastzeros=\count133
))
(/usr/local/texlive/2012/texmf-dist/tex/generic/pgf/basiclayer/pgfcorepoints.co
de.tex
File: pgfcorepoints.code.tex 2010/04/09  (rcs-revision 1.20)
\pgf@picminx=\dimen149
\pgf@picmaxx=\dimen150
\pgf@picminy=\dimen151
\pgf@picmaxy=\dimen152
\pgf@pathminx=\dimen153
\pgf@pathmaxx=\dimen154
\pgf@pathminy=\dimen155
\pgf@pathmaxy=\dimen156
\pgf@xx=\dimen157
\pgf@xy=\dimen158
\pgf@yx=\dimen159
\pgf@yy=\dimen160
\pgf@zx=\dimen161
\pgf@zy=\dimen162
)
(/usr/local/texlive/2012/texmf-dist/tex/generic/pgf/basiclayer/pgfcorepathconst
ruct.code.tex
File: pgfcorepathconstruct.code.tex 2010/08/03  (rcs-revision 1.24)
\pgf@path@lastx=\dimen163
\pgf@path@lasty=\dimen164
)
(/usr/local/texlive/2012/texmf-dist/tex/generic/pgf/basiclayer/pgfcorepathusage
.code.tex
File: pgfcorepathusage.code.tex 2008/04/22  (rcs-revision 1.12)
\pgf@shorten@end@additional=\dimen165
\pgf@shorten@start@additional=\dimen166
)
(/usr/local/texlive/2012/texmf-dist/tex/generic/pgf/basiclayer/pgfcorescopes.co
de.tex
File: pgfcorescopes.code.tex 2010/09/08  (rcs-revision 1.34)
\pgfpic=\box43
\pgf@hbox=\box44
\pgf@layerbox@main=\box45
\pgf@picture@serial@count=\count134
)
(/usr/local/texlive/2012/texmf-dist/tex/generic/pgf/basiclayer/pgfcoregraphicst
ate.code.tex
File: pgfcoregraphicstate.code.tex 2008/04/22  (rcs-revision 1.9)
\pgflinewidth=\dimen167
)
(/usr/local/texlive/2012/texmf-dist/tex/generic/pgf/basiclayer/pgfcoretransform
ations.code.tex
File: pgfcoretransformations.code.tex 2009/06/10  (rcs-revision 1.11)
\pgf@pt@x=\dimen168
\pgf@pt@y=\dimen169
\pgf@pt@temp=\dimen170
)
(/usr/local/texlive/2012/texmf-dist/tex/generic/pgf/basiclayer/pgfcorequick.cod
e.tex
File: pgfcorequick.code.tex 2008/10/09  (rcs-revision 1.3)
)
(/usr/local/texlive/2012/texmf-dist/tex/generic/pgf/basiclayer/pgfcoreobjects.c
ode.tex
File: pgfcoreobjects.code.tex 2006/10/11  (rcs-revision 1.2)
)
(/usr/local/texlive/2012/texmf-dist/tex/generic/pgf/basiclayer/pgfcorepathproce
ssing.code.tex
File: pgfcorepathprocessing.code.tex 2008/10/09  (rcs-revision 1.8)
)
(/usr/local/texlive/2012/texmf-dist/tex/generic/pgf/basiclayer/pgfcorearrows.co
de.tex
File: pgfcorearrows.code.tex 2008/04/23  (rcs-revision 1.11)
)
(/usr/local/texlive/2012/texmf-dist/tex/generic/pgf/basiclayer/pgfcoreshade.cod
e.tex
File: pgfcoreshade.code.tex 2008/11/23  (rcs-revision 1.13)
\pgf@max=\dimen171
\pgf@sys@shading@range@num=\count135
)
(/usr/local/texlive/2012/texmf-dist/tex/generic/pgf/basiclayer/pgfcoreimage.cod
e.tex
File: pgfcoreimage.code.tex 2010/03/25  (rcs-revision 1.16)

(/usr/local/texlive/2012/texmf-dist/tex/generic/pgf/basiclayer/pgfcoreexternal.
code.tex
File: pgfcoreexternal.code.tex 2010/09/01  (rcs-revision 1.17)
\pgfexternal@startupbox=\box46
))
(/usr/local/texlive/2012/texmf-dist/tex/generic/pgf/basiclayer/pgfcorelayers.co
de.tex
File: pgfcorelayers.code.tex 2010/08/27  (rcs-revision 1.2)
)
(/usr/local/texlive/2012/texmf-dist/tex/generic/pgf/basiclayer/pgfcoretranspare
ncy.code.tex
File: pgfcoretransparency.code.tex 2008/01/17  (rcs-revision 1.2)
)
(/usr/local/texlive/2012/texmf-dist/tex/generic/pgf/basiclayer/pgfcorepatterns.
code.tex
File: pgfcorepatterns.code.tex 2009/07/02  (rcs-revision 1.3)
)))
(/usr/local/texlive/2012/texmf-dist/tex/generic/pgf/modules/pgfmoduleshapes.cod
e.tex
File: pgfmoduleshapes.code.tex 2010/09/09  (rcs-revision 1.13)
\pgfnodeparttextbox=\box47
)
(/usr/local/texlive/2012/texmf-dist/tex/generic/pgf/modules/pgfmoduleplot.code.
tex
File: pgfmoduleplot.code.tex 2010/10/22  (rcs-revision 1.8)
)
(/usr/local/texlive/2012/texmf-dist/tex/latex/pgf/compatibility/pgfcomp-version
-0-65.sty
Package: pgfcomp-version-0-65 2007/07/03 v2.10 (rcs-revision 1.7)
\pgf@nodesepstart=\dimen172
\pgf@nodesepend=\dimen173
)
(/usr/local/texlive/2012/texmf-dist/tex/latex/pgf/compatibility/pgfcomp-version
-1-18.sty
Package: pgfcomp-version-1-18 2007/07/23 v2.10 (rcs-revision 1.1)
))
(/usr/local/texlive/2012/texmf-dist/tex/latex/pgf/utilities/pgffor.sty
(/usr/local/texlive/2012/texmf-dist/tex/latex/pgf/utilities/pgfkeys.sty
(/usr/local/texlive/2012/texmf-dist/tex/generic/pgf/utilities/pgfkeys.code.tex)
) (/usr/local/texlive/2012/texmf-dist/tex/generic/pgf/utilities/pgffor.code.tex
Package: pgffor 2010/03/23 v2.10 (rcs-revision 1.18)
\pgffor@iter=\dimen174
\pgffor@skip=\dimen175
\pgffor@stack=\toks41
\pgffor@toks=\toks42
))
(/usr/local/texlive/2012/texmf-dist/tex/generic/pgf/frontendlayer/tikz/tikz.cod
e.tex
Package: tikz 2010/10/13 v2.10 (rcs-revision 1.76)

(/usr/local/texlive/2012/texmf-dist/tex/generic/pgf/libraries/pgflibraryplothan
dlers.code.tex
File: pgflibraryplothandlers.code.tex 2010/05/31 v2.10 (rcs-revision 1.15)
\pgf@plot@mark@count=\count136
\pgfplotmarksize=\dimen176
)
\tikz@lastx=\dimen177
\tikz@lasty=\dimen178
\tikz@lastxsaved=\dimen179
\tikz@lastysaved=\dimen180
\tikzleveldistance=\dimen181
\tikzsiblingdistance=\dimen182
\tikz@figbox=\box48
\tikz@tempbox=\box49
\tikztreelevel=\count137
\tikznumberofchildren=\count138
\tikznumberofcurrentchild=\count139
\tikz@fig@count=\count140

(/usr/local/texlive/2012/texmf-dist/tex/generic/pgf/modules/pgfmodulematrix.cod
e.tex
File: pgfmodulematrix.code.tex 2010/08/24  (rcs-revision 1.4)
\pgfmatrixcurrentrow=\count141
\pgfmatrixcurrentcolumn=\count142
\pgf@matrix@numberofcolumns=\count143
)
\tikz@expandcount=\count144

(/usr/local/texlive/2012/texmf-dist/tex/generic/pgf/frontendlayer/tikz/librarie
s/tikzlibrarytopaths.code.tex
File: tikzlibrarytopaths.code.tex 2008/06/17 v2.10 (rcs-revision 1.2)
)))
(/usr/local/texlive/2012/texmf-dist/tex/generic/pgf/frontendlayer/tikz/librarie
s/tikzlibrarycalc.code.tex
File: tikzlibrarycalc.code.tex 2009/09/04 v2.10 (rcs-revision 1.6)
)
(/usr/local/texlive/2012/texmf-dist/tex/generic/pgf/frontendlayer/tikz/librarie
s/tikzlibraryarrows.code.tex
File: tikzlibraryarrows.code.tex 2008/01/09 v2.10 (rcs-revision 1.1)

(/usr/local/texlive/2012/texmf-dist/tex/generic/pgf/libraries/pgflibraryarrows.
code.tex
File: pgflibraryarrows.code.tex 2008/10/27 v2.10 (rcs-revision 1.9)
\arrowsize=\dimen183
))
(/usr/local/texlive/2012/texmf-dist/tex/generic/pgf/frontendlayer/tikz/librarie
s/tikzlibraryshadows.code.tex
File: tikzlibraryshadows.code.tex 2008/01/13 v2.10 (rcs-revision 1.3)

(/usr/local/texlive/2012/texmf-dist/tex/generic/pgf/frontendlayer/tikz/librarie
s/tikzlibraryfadings.code.tex
File: tikzlibraryfadings.code.tex 2009/11/15 v2.10 (rcs-revision 1.2)

(/usr/local/texlive/2012/texmf-dist/tex/generic/pgf/libraries/pgflibraryfadings
.code.tex
File: pgflibraryfadings.code.tex 2008/02/07 v2.10 (rcs-revision 1.3)


Package pgf Warning: Your graphic driver pgfsys-xetex.def does not support fadi
ngs. This warning is given only once on input line 31.

))) (/usr/local/texlive/2012/texmf-dist/tex/latex/mdframed/mdframed.sty
Package: mdframed 2012/04/08 v1.5: mdframed

(/usr/local/texlive/2012/texmf-dist/tex/latex/l3packages/xparse/xparse.sty
(/usr/local/texlive/2012/texmf-dist/tex/latex/l3kernel/expl3.sty
(/usr/local/texlive/2012/texmf-dist/tex/latex/l3kernel/l3names.sty
(/usr/local/texlive/2012/texmf-dist/tex/latex/l3kernel/l3bootstrap.sty
Package: l3bootstrap 2011/12/29 v3110 L3 Experimental bootstrap code
)
Package: l3names 2012/03/04 v3494 L3 Experimental namespace for primitives
)
(/usr/local/texlive/2012/texmf-dist/tex/latex/etex-pkg/etex.sty
Package: etex 1998/03/26 v2.0 eTeX basic definition package (PEB)
\et@xins=\count145
)
Package: expl3 2012/04/23 v3570 L3 Experimental code bundle wrapper

(/usr/local/texlive/2012/texmf-dist/tex/latex/l3kernel/l3basics.sty
Package: l3basics 2012/03/04 v3491 L3 Experimental basic definitions
)
(/usr/local/texlive/2012/texmf-dist/tex/latex/l3kernel/l3expan.sty
Package: l3expan 2012/02/26 v3460 L3 Experimental argument expansion
)
(/usr/local/texlive/2012/texmf-dist/tex/latex/l3kernel/l3tl.sty
Package: l3tl 2012/03/04 v3490 L3 Experimental token lists
)
(/usr/local/texlive/2012/texmf-dist/tex/latex/l3kernel/l3seq.sty
Package: l3seq 2012/03/04 v3490 L3 Experimental sequences and stacks
)
(/usr/local/texlive/2012/texmf-dist/tex/latex/l3kernel/l3int.sty
Package: l3int 2012/03/04 v3490 L3 Experimental integers
\c_max_int=\count146
\l_tmpa_int=\count147
\l_tmpb_int=\count148
\l_tmpc_int=\count149
\g_tmpa_int=\count150
\g_tmpb_int=\count151
)
(/usr/local/texlive/2012/texmf-dist/tex/latex/l3kernel/l3quark.sty
Package: l3quark 2012/02/12 v3384 L3 Experimental quarks
)
(/usr/local/texlive/2012/texmf-dist/tex/latex/l3kernel/l3prg.sty
Package: l3prg 2012/03/04 v3490 L3 Experimental control structures
\g_prg_map_int=\count152
)
(/usr/local/texlive/2012/texmf-dist/tex/latex/l3kernel/l3clist.sty
Package: l3clist 2012/03/04 v3490 L3 Experimental comma separated lists
)
(/usr/local/texlive/2012/texmf-dist/tex/latex/l3kernel/l3token.sty
Package: l3token 2012/03/04 v3491 L3 Experimental token manipulation
)
(/usr/local/texlive/2012/texmf-dist/tex/latex/l3kernel/l3prop.sty
Package: l3prop 2012/03/04 v3490 L3 Experimental property lists
)
(/usr/local/texlive/2012/texmf-dist/tex/latex/l3kernel/l3msg.sty
Package: l3msg 2012/04/23 v3568 L3 Experimental messages
)
(/usr/local/texlive/2012/texmf-dist/tex/latex/l3kernel/l3file.sty
Package: l3file 2012/03/09 v3520 L3 Experimental file and I/O operations
\l_iow_stream_int=\count153
\l_iow_line_length_int=\count154
\l_iow_target_length_int=\count155
\l_iow_current_line_int=\count156
\l_iow_current_word_int=\count157
\l_iow_current_indentation_int=\count158
)
(/usr/local/texlive/2012/texmf-dist/tex/latex/l3kernel/l3skip.sty
Package: l3skip 2012/03/05 v3499 L3 Experimental dimensions and skips
\l_tmpa_dim=\dimen184
\l_tmpb_dim=\dimen185
\l_tmpc_dim=\dimen186
\g_tmpa_dim=\dimen187
\g_tmpb_dim=\dimen188
\l_tmpa_skip=\skip77
\l_tmpb_skip=\skip78
\l_tmpc_skip=\skip79
\g_tmpa_skip=\skip80
\g_tmpb_skip=\skip81
)
(/usr/local/texlive/2012/texmf-dist/tex/latex/l3kernel/l3keys.sty
Package: l3keys 2012/03/03 v3487 L3 Experimental key-value interfaces
\g_keyval_level_int=\count159
\l_keys_choice_int=\count160
)
(/usr/local/texlive/2012/texmf-dist/tex/latex/l3kernel/l3fp.sty
Package: l3fp 2012/03/04 v3490 L3 Experimental floating-point operations
\c_one_hundred_million=\count161
\c_five_hundred_million=\count162
\c_one_thousand_million=\count163
\c_fp_pi_by_four_decimal_int=\count164
\c_fp_pi_by_four_extended_int=\count165
\c_fp_pi_decimal_int=\count166
\c_fp_pi_extended_int=\count167
\c_fp_two_pi_decimal_int=\count168
\c_fp_two_pi_extended_int=\count169
\l_fp_count_int=\count170
\l_fp_div_offset_int=\count171
\l_fp_exp_integer_int=\count172
\l_fp_exp_decimal_int=\count173
\l_fp_exp_extended_int=\count174
\l_fp_exp_exponent_int=\count175
\l_fp_input_a_sign_int=\count176
\l_fp_input_a_integer_int=\count177
\l_fp_input_a_decimal_int=\count178
\l_fp_input_a_exponent_int=\count179
\l_fp_input_b_sign_int=\count180
\l_fp_input_b_integer_int=\count181
\l_fp_input_b_decimal_int=\count182
\l_fp_input_b_exponent_int=\count183
\l_fp_input_a_extended_int=\count184
\l_fp_input_b_extended_int=\count185
\l_fp_mul_a_i_int=\count186
\l_fp_mul_a_ii_int=\count187
\l_fp_mul_a_iii_int=\count188
\l_fp_mul_a_iv_int=\count189
\l_fp_mul_a_v_int=\count190
\l_fp_mul_a_vi_int=\count191
\l_fp_mul_b_i_int=\count192
\l_fp_mul_b_ii_int=\count193
\l_fp_mul_b_iii_int=\count194
\l_fp_mul_b_iv_int=\count195
\l_fp_mul_b_v_int=\count196
\l_fp_mul_b_vi_int=\count197
\l_fp_mul_output_int=\count198
\l_fp_output_sign_int=\count199
\l_fp_output_integer_int=\count200
\l_fp_output_decimal_int=\count201
Normal \count register pool exhausted, switching to extended pool.
\l_fp_output_exponent_int=\count277
\l_fp_output_extended_int=\count278
\l_fp_round_position_int=\count279
\l_fp_round_target_int=\count280
\l_fp_split_sign_int=\count281
\l_fp_internal_int=\count282
\l_fp_trig_octant_int=\count283
\l_fp_trig_sign_int=\count284
\l_fp_trig_decimal_int=\count285
\l_fp_trig_extended_int=\count286
\l_fp_internal_dim=\dimen189
\l_fp_internal_skip=\skip82
)
(/usr/local/texlive/2012/texmf-dist/tex/latex/l3kernel/l3box.sty
Package: l3box 2012/03/04 v3490 L3 Experimental boxes
\l_tmpb_box=\box50
\l_box_top_dim=\dimen190
\l_box_bottom_dim=\dimen191
\l_box_left_dim=\dimen192
\l_box_right_dim=\dimen193
\l_box_top_new_dim=\dimen194
\l_box_bottom_new_dim=\dimen195
\l_box_left_new_dim=\dimen196
\l_box_right_new_dim=\dimen197
\l_box_internal_box=\box51
)
(/usr/local/texlive/2012/texmf-dist/tex/latex/l3kernel/l3coffins.sty
Package: l3coffins 2012/03/03 v3482 L3 Experimental coffin code layer
\l_coffin_internal_box=\box52
\l_coffin_internal_dim=\dimen198
\l_coffin_offset_x_dim=\dimen199
\l_coffin_offset_y_dim=\dimen200
\l_coffin_x_dim=\dimen201
Normal \dimen register pool exhausted, switching to extended pool.
\l_coffin_y_dim=\dimen256
\l_coffin_x_prime_dim=\dimen257
\l_coffin_y_prime_dim=\dimen258
\l_coffin_Depth_dim=\dimen259
\l_coffin_Height_dim=\dimen260
\l_coffin_TotalHeight_dim=\dimen261
\l_coffin_Width_dim=\dimen262
\c_empty_coffin=\box53
\l_coffin_aligned_coffin=\box54
\l_coffin_aligned_internal_coffin=\box55
\l_coffin_bounding_shift_dim=\dimen263
\l_coffin_left_corner_dim=\dimen264
\l_coffin_right_corner_dim=\dimen265
\l_coffin_bottom_corner_dim=\dimen266
\l_coffin_top_corner_dim=\dimen267
\l_coffin_scaled_total_height_dim=\dimen268
\l_coffin_scaled_width_dim=\dimen269
\l_coffin_display_coffin=\box56
\l_coffin_display_coord_coffin=\box57
\l_coffin_display_pole_coffin=\box58
\l_coffin_display_offset_dim=\dimen270
\l_coffin_display_x_dim=\dimen271
\l_coffin_display_y_dim=\dimen272
)
(/usr/local/texlive/2012/texmf-dist/tex/latex/l3kernel/l3color.sty
Package: l3color 2011/09/07 v2776 L3 Experimental colour support
)
(/usr/local/texlive/2012/texmf-dist/tex/latex/l3kernel/l3luatex.sty
Package: l3luatex 2012/02/09 v3355 L3 Experimental LuaTeX-specific functions
\g_cctab_allocate_int=\count287
\g_cctab_stack_int=\count288
))
Package: xparse 2012/04/23 v3570 L3 Experimental document command parser
\l_xparse_current_arg_int=\count289
\l_xparse_m_args_int=\count290
\l_xparse_mandatory_args_int=\count291
\l_xparse_processor_int=\count292
\l_xparse_v_nesting_int=\count293
)
(/usr/local/texlive/2012/texmf-dist/tex/latex/etoolbox/etoolbox.sty
Package: etoolbox 2011/01/03 v2.1 e-TeX tools for LaTeX
\etb@tempcnta=\count294
)
(/usr/local/texlive/2012/texmf-dist/tex/latex/oberdiek/zref-abspage.sty
Package: zref-abspage 2012/04/04 v2.24 Module abspage for zref (HO)

(/usr/local/texlive/2012/texmf-dist/tex/latex/oberdiek/zref-base.sty
Package: zref-base 2012/04/04 v2.24 Module base for zref (HO)

(/usr/local/texlive/2012/texmf-dist/tex/latex/oberdiek/auxhook.sty
Package: auxhook 2011/03/04 v1.3 Hooks for auxiliary files (HO)
)
Package zref Info: New property list: main on input line 759.
Package zref Info: New property: default on input line 760.
Package zref Info: New property: page on input line 761.
)
\c@abspage=\count295
Package zref Info: New property: abspage on input line 62.
)
\mdf@templength=\skip83
\c@mdf@globalstyle@cnt=\count296
\mdf@skipabove@length=\skip84
\mdf@skipbelow@length=\skip85
\mdf@leftmargin@length=\skip86
\mdf@rightmargin@length=\skip87
\mdf@innerleftmargin@length=\skip88
\mdf@innerrightmargin@length=\skip89
\mdf@innertopmargin@length=\skip90
\mdf@innerbottommargin@length=\skip91
\mdf@splittopskip@length=\skip92
\mdf@splitbottomskip@length=\skip93
\mdf@outermargin@length=\skip94
\mdf@innermargin@length=\skip95
\mdf@linewidth@length=\skip96
\mdf@innerlinewidth@length=\skip97
\mdf@middlelinewidth@length=\skip98
\mdf@outerlinewidth@length=\skip99
\mdf@roundcorner@length=\skip100
\mdf@footenotedistance@length=\skip101
\mdf@userdefinedwidth@length=\skip102
\mdf@frametitleaboveskip@length=\skip103
\mdf@frametitlebelowskip@length=\skip104
\mdf@frametitlerulewidth@length=\skip105
\mdf@frametitleleftmargin@length=\skip106
\mdf@frametitlerightmargin@length=\skip107
\mdf@shadowsize@length=\skip108
\mdf@frametitlebox=\box59
\mdf@footnotebox=\box60
\mdf@splitbox@one=\box61
\mdf@splitbox@two=\box62
\mdfsplitboxwidth=\skip109
\mdfsplitboxtotalwidth=\skip110
\mdfsplitboxheight=\skip111
\mdfsplitboxdepth=\skip112
\mdfsplitboxtotalheight=\skip113
\mdfframetitleboxwidth=\skip114
\mdfframetitleboxtotalwidth=\skip115
\mdfframetitleboxheight=\skip116
\mdfframetitleboxdepth=\skip117
\mdfframetitleboxtotalheight=\skip118
\mdffootnoteboxwidth=\skip119
\mdffootnoteboxtotalwidth=\skip120
\mdffootnoteboxheight=\skip121
\mdffootnoteboxdepth=\skip122
\mdffootnoteboxtotalheight=\skip123
\mdftotallinewidth=\skip124
\mdfboundingboxwidth=\skip125
\mdfboundingboxtotalwidth=\skip126
\mdfboundingboxheight=\skip127
\mdfboundingboxdepth=\skip128
\mdfboundingboxtotalheight=\skip129
\mdf@freevspace@length=\skip130
\mdf@horizontalwidthofbox@length=\skip131
\mdf@verticalmarginwhole@length=\skip132
.................................................
. LaTeX info: "xparse/define-command"
. 
. Defining document command \newmdtheoremenv with arg. spec. 'O{} m o m o ' on
. line 501.
.................................................
.................................................
. LaTeX info: "xparse/define-command"
. 
. Defining document command \mdtheorem with arg. spec. ' O{} m o m o ' on line
. 581.
.................................................

(/usr/local/texlive/2012/texmf-dist/tex/latex/mdframed/md-frame-1.mdf
File: md-frame-1.mdf 2012/04/08  v1.5: md-frame-1
)
\c@mdf@zref@counter=\count297
Package zref Info: New property: mdf@pagevalue on input line 782.
\mdf@horizontalspaceofbox=\skip133
)
(/usr/local/texlive/2012/texmf-dist/tex/latex/base/alltt.sty
Package: alltt 1997/06/16 v2.0g defines alltt environment
)
(/usr/local/texlive/2012/texmf-dist/tex/latex/adjustbox/adjustbox.sty
Package: adjustbox 2012/05/21 v1.0 Adjusting TeX boxes (trim, clip, ...)

(/usr/local/texlive/2012/texmf-dist/tex/latex/xkeyval/xkeyval.sty
Package: xkeyval 2008/08/13 v2.6a package option processing (HA)

(/usr/local/texlive/2012/texmf-dist/tex/generic/xkeyval/xkeyval.tex
\XKV@toks=\toks43
\XKV@tempa@toks=\toks44
\XKV@depth=\count298
File: xkeyval.tex 2008/08/13 v2.6a key=value parser (HA)
))
(/usr/local/texlive/2012/texmf-dist/tex/latex/adjustbox/adjcalc.sty
Package: adjcalc 2012/05/16 v1.1 Provides advanced setlength with multiple back
-ends (calc, etex, pgfmath)
)
(/usr/local/texlive/2012/texmf-dist/tex/latex/adjustbox/trimclip.sty
Package: trimclip 2012/05/16 v1.0 Trim and clip general TeX material

(/usr/local/texlive/2012/texmf-dist/tex/latex/collectbox/collectbox.sty
Package: collectbox 2012/05/17 v0.4b Collect macro arguments as boxes
\collectedbox=\box63
)
\tc@llx=\dimen273
\tc@lly=\dimen274
\tc@urx=\dimen275
\tc@ury=\dimen276
Package trimclip Info: Using driver 'tc-xetex.def'.

(/usr/local/texlive/2012/texmf-dist/tex/latex/adjustbox/tc-xetex.def
File: tc-xetex.def 2012/05/13 v1.0 Clipping driver for xetex
))
\adjbox@Width=\dimen277
\adjbox@Height=\dimen278
\adjbox@Depth=\dimen279
\adjbox@Totalheight=\dimen280

(/usr/local/texlive/2012/texmf-dist/tex/latex/ifoddpage/ifoddpage.sty
Package: ifoddpage 2011/09/13 v1.0 Conditionals for odd/even page detection
\c@checkoddpage=\count299
)
(/usr/local/texlive/2012/texmf-dist/tex/latex/varwidth/varwidth.sty
Package: varwidth 2009/03/30 ver 0.92;  Variable-width minipages
\@vwid@box=\box64
\sift@deathcycles=\count300
\@vwid@loff=\dimen281
\@vwid@roff=\dimen282
))
(/usr/local/texlive/2012/texmf-dist/tex/latex/listings/listings.sty
\lst@mode=\count301
\lst@gtempboxa=\box65
\lst@token=\toks45
\lst@length=\count302
\lst@currlwidth=\dimen283
\lst@column=\count303
\lst@pos=\count304
\lst@lostspace=\dimen284
\lst@width=\dimen285
\lst@newlines=\count305
\lst@lineno=\count306
\lst@maxwidth=\dimen286

(/usr/local/texlive/2012/texmf-dist/tex/latex/listings/lstmisc.sty
File: lstmisc.sty 2007/02/22 1.4 (Carsten Heinz)
\c@lstnumber=\count307
\lst@skipnumbers=\count308
\lst@framebox=\box66
)
(/usr/local/texlive/2012/texmf-dist/tex/latex/listings/listings.cfg
File: listings.cfg 2007/02/22 1.4 listings configuration
))
Package: listings 2007/02/22 1.4 (Carsten Heinz)
\@indexfile=\write6
\openout6 = `Arnold_cat_map.idx'.


Writing index file Arnold_cat_map.idx
! Undefined control sequence.
l.219 \pdfpageattr
                   {/Group << /S /Transparency /I true /CS /DeviceRGB>>}
? r
OK, entering \nonstopmode...

! LaTeX Error: Missing \begin{document}.

See the LaTeX manual or LaTeX Companion for explanation.
Type  H <return>  for immediate help.
 ...                                              
                                                  
l.219 \pdfpageattr {/
                     Group << /S /Transparency /I true /CS /DeviceRGB>>}
You're in trouble here.  Try typing  <return>  to proceed.
If that doesn't work, type  X <return>  to quit.

(./Arnold_cat_map.aux)
\openout1 = `Arnold_cat_map.aux'.

LaTeX Font Info:    Checking defaults for OML/cmm/m/it on input line 224.
LaTeX Font Info:    ... okay on input line 224.
LaTeX Font Info:    Checking defaults for T1/cmr/m/n on input line 224.
LaTeX Font Info:    ... okay on input line 224.
LaTeX Font Info:    Checking defaults for OT1/cmr/m/n on input line 224.
LaTeX Font Info:    ... okay on input line 224.
LaTeX Font Info:    Checking defaults for OMS/cmsy/m/n on input line 224.
LaTeX Font Info:    ... okay on input line 224.
LaTeX Font Info:    Checking defaults for OMX/cmex/m/n on input line 224.
LaTeX Font Info:    ... okay on input line 224.
LaTeX Font Info:    Checking defaults for U/cmr/m/n on input line 224.
LaTeX Font Info:    ... okay on input line 224.
LaTeX Font Info:    Checking defaults for TS1/cmr/m/n on input line 224.
LaTeX Font Info:    Try loading font information for TS1+cmr on input line 224.


(/usr/local/texlive/2012/texmf-dist/tex/latex/base/ts1cmr.fd
File: ts1cmr.fd 1999/05/25 v2.5h Standard LaTeX font definitions
)
LaTeX Font Info:    ... okay on input line 224.
LaTeX Font Info:    Checking defaults for PD1/pdf/m/n on input line 224.
LaTeX Font Info:    ... okay on input line 224.
LaTeX Font Info:    Checking defaults for PU/pdf/m/n on input line 224.
LaTeX Font Info:    ... okay on input line 224.
LaTeX Font Info:    Try loading font information for T1+ptm on input line 224.

(/usr/local/texlive/2012/texmf-dist/tex/latex/psnfss/t1ptm.fd
File: t1ptm.fd 2001/06/04 font definitions for T1/ptm.
)
\AtBeginShipoutBox=\box67
Package hyperref Info: Link coloring ON on input line 224.

(/usr/local/texlive/2012/texmf-dist/tex/latex/hyperref/nameref.sty
Package: nameref 2010/04/30 v2.40 Cross-referencing by name of section

(/usr/local/texlive/2012/texmf-dist/tex/generic/oberdiek/gettitlestring.sty
Package: gettitlestring 2010/12/03 v1.4 Cleanup title references (HO)
)
\c@section@level=\count309
)
LaTeX Info: Redefining \ref on input line 224.
LaTeX Info: Redefining \pageref on input line 224.
LaTeX Info: Redefining \nameref on input line 224.

(./Arnold_cat_map.out) (./Arnold_cat_map.out)
\@outlinefile=\write7
\openout7 = `Arnold_cat_map.out'.



Package hyperref Warning: Rerun to get /PageLabels entry.

(/usr/local/texlive/2012/texmf-dist/tex/latex/ucs/ucsencs.def
File: ucsencs.def 2011/01/21 Fixes to fontencodings LGR, T3
)

Package ucs Warning: ***************************
(ucs)                You seem to have loaded inputencoding utf8
(ucs)                (LaTeX kernel UTF-8) instead of utf8x (ucs.sty UTF-8).
(ucs)                Probably you are compiling a document written for a
(ucs)                pre-august-2004 ucs.sty.
(ucs)                ***************************
(ucs)                Please use \usepackage[utf8x]{inputenc} instead of
(ucs)                \usepackage[utf8]{inputenc}.
(ucs)                ***************************
(ucs)                If you should really want to use ucs.sty and kernel's
(ucs)                utf8.def together, use \usepackage[utf8x,utf8]{inputenc}
(ucs)                to disable compatibility mode
(ucs)                ***************************
(ucs)                Activating compatibility mode.
(ucs)                ***************************
(ucs)                 on input line 224.

(/usr/local/texlive/2012/texmf-dist/tex/latex/ucs/utf8x.def
File: utf8x.def 2004/10/17 UCS: Input encoding UTF-8
)
ABD: EveryShipout initializing macros
\c@lstlisting=\count310
LaTeX Font Info:    Try loading font information for T1+phv on input line 228.

(/usr/local/texlive/2012/texmf-dist/tex/latex/psnfss/t1phv.fd
File: t1phv.fd 2001/06/04 scalable font definitions for T1/phv.
)
LaTeX Font Info:    Font shape `T1/phv/bx/n' in size <24.88> not available
(Font)              Font shape `T1/phv/b/n' tried instead on input line 228.
LaTeX Font Info:    Font shape `T1/phv/m/it' in size <12> not available
(Font)              Font shape `T1/phv/m/sl' tried instead on input line 228.
LaTeX Font Info:    Font shape `T1/phv/bx/it' in size <12> not available
(Font)              Font shape `T1/phv/b/it' tried instead on input line 228.
LaTeX Font Info:    Font shape `T1/phv/b/it' in size <12> not available
(Font)              Font shape `T1/phv/b/sl' tried instead on input line 228.
LaTeX Font Info:    Font shape `T1/phv/bx/n' in size <14.4> not available
(Font)              Font shape `T1/phv/b/n' tried instead on input line 228.
LaTeX Font Info:    Try loading font information for U+msa on input line 228.

(/usr/local/texlive/2012/texmf-dist/tex/latex/amsfonts/umsa.fd
File: umsa.fd 2009/06/22 v3.00 AMS symbols A
)
LaTeX Font Info:    Try loading font information for U+msb on input line 228.

(/usr/local/texlive/2012/texmf-dist/tex/latex/amsfonts/umsb.fd
File: umsb.fd 2009/06/22 v3.00 AMS symbols B
)
(/usr/local/texlive/2012/texmf-dist/tex/generic/oberdiek/se-ascii-print.def
File: se-ascii-print.def 2011/12/02 v1.10 stringenc: Printable ASCII characters

)
LaTeX Font Info:    Font shape `T1/ptm/bx/n' in size <14.4> not available
(Font)              Font shape `T1/ptm/b/n' tried instead on input line 233.
LaTeX Font Info:    Font shape `T1/ptm/bx/n' in size <20.74> not available
(Font)              Font shape `T1/ptm/b/n' tried instead on input line 233.
LaTeX Font Info:    Try loading font information for T1+pcr on input line 240.

(/usr/local/texlive/2012/texmf-dist/tex/latex/psnfss/t1pcr.fd
File: t1pcr.fd 2001/06/04 font definitions for T1/pcr.
)
Package mdframed Info: mdframed inside twoside mode but
(mdframed)             works with oneside mode on input line 242.
LaTeX Font Info:    Font shape `T1/pcr/bx/n' in size <9.5> not available
(Font)              Font shape `T1/pcr/b/n' tried instead on input line 245.

Overfull \hbox (19.42313pt too wide) in paragraph at lines 245--245
[][]\T1/pcr/m/n/9.5 %[][]\T1/pcr/b/n/9.5 install_ext[] \T1/pcr/m/n/9.5 https:[]
/[][]/[]raw[].[]github[].[]com[]/[]minrk[]/[]ipython_extensions[]/[]master[]/[]
nbtoc[].[]py[] 
 []

Package mdframed Info: mdframed inside twoside mode but
(mdframed)             works with oneside mode on input line 264.
Package mdframed Info: mdframed inside twoside mode but
(mdframed)             works with oneside mode on input line 283.
Package mdframed Info: mdframed inside twoside mode but
(mdframed)             works with oneside mode on input line 303.
Package mdframed Info: mdframed inside twoside mode but
(mdframed)             works with oneside mode on input line 325.
Package mdframed Info: mdframed inside twoside mode but
(mdframed)             works with oneside mode on input line 329.
Package mdframed Info: mdframed inside twoside mode but
(mdframed)             works with oneside mode on input line 347.
Package mdframed Info: mdframed inside twoside mode but
(mdframed)             works with oneside mode on input line 369.
Package mdframed Info: mdframed inside twoside mode but
(mdframed)             works with oneside mode on input line 373.
Package mdframed Info: mdframed inside twoside mode but
(mdframed)             works with oneside mode on input line 388.
Package mdframed Info: mdframed inside twoside mode but
(mdframed)             works with oneside mode on input line 408.
Package mdframed Info: mdframed inside twoside mode but
(mdframed)             works with oneside mode on input line 429.
Package mdframed Info: mdframed inside twoside mode but
(mdframed)             works with oneside mode on input line 451.
Package mdframed Info: mdframed inside twoside mode but
(mdframed)             works with oneside mode on input line 470.
Package mdframed Info: mdframed inside twoside mode but
(mdframed)             works with oneside mode on input line 492.
Package mdframed Info: mdframed inside twoside mode but
(mdframed)             works with oneside mode on input line 496.

Package xcolor Warning: Incompatible color definition on input line 502.


Package xcolor Warning: Incompatible color definition on input line 502.

LaTeX Font Info:    Font shape `T1/phv/bx/n' in size <12> not available
(Font)              Font shape `T1/phv/b/n' tried instead on input line 503.

Package xcolor Warning: Incompatible color definition on input line 503.


Package xcolor Warning: Incompatible color definition on input line 503.

Package mdframed Info: mdframed inside twoside mode but
(mdframed)             works with oneside mode on input line 513.
LaTeX Font Info:    Font shape `T1/pcr/m/it' in size <9.5> not available
(Font)              Font shape `T1/pcr/m/sl' tried instead on input line 517.

Overfull \hbox (25.12312pt too wide) in paragraph at lines 519--519
[][]    \T1/pcr/m/sl/9.5 It is non-normalized so that the segment is parametriz
ed by start + t*v, [][] 
 []


Overfull \hbox (104.92308pt too wide) in paragraph at lines 526--526
[]        []\T1/pcr/m/n/9.5 self[][].[]start, []self[][].[]end []=[] np[].[]asa
rray(start, dtype[]=[][]float[]), np[].[]asarray(end, dtype[]=[][]float[])[] 
 []


Overfull \hbox (133.42307pt too wide) in paragraph at lines 535--535
[]        []\T1/pcr/b/n/9.5 return[] []\T1/pcr/m/n/9.5 "[][]([[][]\T1/pcr/b/n/9
.5 %g[][]\T1/pcr/m/n/9.5 , [][]\T1/pcr/b/n/9.5 %g[][]\T1/pcr/m/n/9.5 ], [[][]\T
1/pcr/b/n/9.5 %g[][]\T1/pcr/m/n/9.5 , [][]\T1/pcr/b/n/9.5 %g[][]\T1/pcr/m/n/9.5
 ])[][]"[] []%[] ([]self[][].[]start[[]0[]], []self[][].[]start[[]1[]], []self[
][].[]end[[]0[]], []self[][].[]end[[]1[]])[] 
 []


Overfull \vbox (342.19482pt too high) has occurred while \output is active []


[1

]
Package mdframed Info: mdframed inside twoside mode but
(mdframed)             works with oneside mode on input line 552.

Overfull \hbox (167.62305pt too wide) in paragraph at lines 558--558
[][]    \T1/pcr/m/sl/9.5 Returns the value of t corresponding to the parametriz
ation of segment1 at the intersection point,[][] 
 []

Package mdframed Info: mdframed inside twoside mode but
(mdframed)             works with oneside mode on input line 603.
Package mdframed Info: mdframed inside twoside mode but
(mdframed)             works with oneside mode on input line 623.
Package mdframed Info: mdframed inside twoside mode but
(mdframed)             works with oneside mode on input line 646.
Package mdframed Info: mdframed inside twoside mode but
(mdframed)             works with oneside mode on input line 663.
Package mdframed Info: mdframed inside twoside mode but
(mdframed)             works with oneside mode on input line 686.
Package mdframed Info: mdframed inside twoside mode but
(mdframed)             works with oneside mode on input line 703.
Package mdframed Info: mdframed inside twoside mode but
(mdframed)             works with oneside mode on input line 728.
Package mdframed Info: mdframed inside twoside mode but
(mdframed)             works with oneside mode on input line 746.
Package mdframed Info: mdframed inside twoside mode but
(mdframed)             works with oneside mode on input line 771.
[2]
Package mdframed Info: mdframed inside twoside mode but
(mdframed)             works with oneside mode on input line 789.

Overfull \hbox (36.52312pt too wide) in paragraph at lines 797--797
[]    \T1/pcr/m/n/9.5 t_star, intersection_point []=[] find_intersection_segmen
ts(segment1, segment2)[] 
 []


Overfull \hbox (36.52312pt too wide) in paragraph at lines 812--812
[]    \T1/pcr/m/n/9.5 t_star, intersection_point []=[] find_intersection_segmen
ts(segment1, segment2)[] 
 []


Package xcolor Warning: Incompatible color definition on input line 823.


Package xcolor Warning: Incompatible color definition on input line 823.

Package mdframed Info: mdframed inside twoside mode but
(mdframed)             works with oneside mode on input line 834.

Overfull \hbox (76.4231pt too wide) in paragraph at lines 853--853
[]            []\T1/pcr/m/n/9.5 self[][].[]segments[].[]append(DirectedLineSegm
ent([]self[][].[]vertices[i], vertices[i[]+[][]1[]]))[] 
 []


Overfull \hbox (19.42313pt too wide) in paragraph at lines 855--855
[]        []\T1/pcr/m/n/9.5 self[][].[]segments[].[]append(DirectedLineSegment(
vertices[[]-[][]1[]], vertices[[]0[]]))[] 
 []

Package mdframed Info: mdframed inside twoside mode but
(mdframed)             works with oneside mode on input line 879.
[3]
Package mdframed Info: mdframed inside twoside mode but
(mdframed)             works with oneside mode on input line 903.
Package mdframed Info: mdframed inside twoside mode but
(mdframed)             works with oneside mode on input line 922.
Package mdframed Info: mdframed inside twoside mode but
(mdframed)             works with oneside mode on input line 958.

Overfull \hbox (4.02335pt too wide) in paragraph at lines 960--960
[]\T1/pcr/m/n/10 /Users/dsanders/development/matplotlib/lib/matplotlib/__init__
.py:934: 
 []

Package mdframed Info: mdframed inside twoside mode but
(mdframed)             works with oneside mode on input line 985.
Package mdframed Info: mdframed inside twoside mode but
(mdframed)             works with oneside mode on input line 1008.
[4] [5] [6] [7]
Package mdframed Info: mdframed inside twoside mode but
(mdframed)             works with oneside mode on input line 1249.
Package mdframed Info: mdframed inside twoside mode but
(mdframed)             works with oneside mode on input line 1277.
File: Arnold_cat_map_files/Arnold_cat_map_28_0.pdf Graphic file (type QTm)
 <use  "Arnold_cat_map_files/Arnold_cat_map_28_0.pdf" >
Overfull \vbox (204.47368pt too high) detected at line 1282
 []

Package mdframed Info: Box was splittet wrong
(mdframed)              on input line 1282.

Overfull \vbox (310.31055pt too high) detected at line 1282
 []


Overfull \vbox (221.67375pt too high) detected at line 1282
 []

Package mdframed Info: Box was splittet wrong
(mdframed)              on input line 1282.

Overfull \vbox (336.11066pt too high) detected at line 1282
 []


Overfull \vbox (238.87383pt too high) detected at line 1282
 []

Package mdframed Info: Box was splittet wrong
(mdframed)              on input line 1282.

Overfull \vbox (361.91077pt too high) detected at line 1282
 []

[8]
Package mdframed Info: mdframed inside twoside mode but
(mdframed)             works with oneside mode on input line 1295.

Overfull \hbox (110.62308pt too wide) in paragraph at lines 1299--1299
[][]\T1/pcr/m/sl/9.5 #R = np.array([np.cos(theta), np.sin(theta), -np.sin(theta
), np.cos(theta)]).reshape((2,2) )[][] 
 []


Overfull \hbox (47.92311pt too wide) in paragraph at lines 1301--1301
[][]\T1/pcr/m/sl/9.5 #rotated_square_vertices = [np.dot(R, vertex) for vertex i
n unit_square.vertices][][] 
 []

Package mdframed Info: mdframed inside twoside mode but
(mdframed)             works with oneside mode on input line 1321.

Overfull \hbox (2.32314pt too wide) in paragraph at lines 1334--1334
[]            \T1/pcr/m/n/9.5 intersection []=[] find_intersection_segments(seg
ment1, segment2)[] 
 []


Overfull \hbox (53.62311pt too wide) in paragraph at lines 1337--1337
[]                []\T1/pcr/b/n/9.5 return[] \T1/pcr/m/n/9.5 (intersection[[]1[
]], i, j)  []\T1/pcr/m/sl/9.5 # don't need the intersection time[][] 
 []


Overfull \hbox (2.32314pt too wide) in paragraph at lines 1346--1346
[][]    \T1/pcr/m/sl/9.5 Then follow this around by taking consecutive pieces o
f each polygon?[][] 
 []


Overfull \hbox (8.40303pt too wide) in paragraph at lines 1350--1350
[]    []\T1/pcr/m/sl/9.5 # i is the number of the segment of the first polygon,
 j of the second[][] 
 []

[9]
Package mdframed Info: mdframed inside twoside mode but
(mdframed)             works with oneside mode on input line 1377.

Overfull \hbox (127.72307pt too wide) in paragraph at lines 1385--1385
[]    \T1/pcr/m/n/9.5 R []=[] np[].[]array([np[].[]cos(theta), np[].[]sin(theta
), []-[]np[].[]sin(theta), np[].[]cos(theta)])[].[]reshape(([]2[],[]2[]) )[] 
 []


Overfull \hbox (65.0231pt too wide) in paragraph at lines 1387--1387
[]    \T1/pcr/m/n/9.5 rotated_square_vertices []=[] [np[].[]dot(R, vertex) []\T
1/pcr/b/n/9.5 for[] \T1/pcr/m/n/9.5 vertex []\T1/pcr/b/n/9.5 in[] \T1/pcr/m/n/9
.5 unit_square[].[]vertices][] 
 []


Overfull \hbox (53.62311pt too wide) in paragraph at lines 1397--1397
[]    \T1/pcr/m/n/9.5 new_square []=[] [vertex []+[] np[].[]array([[]10.[], []0
.[]]) []\T1/pcr/b/n/9.5 for[] \T1/pcr/m/n/9.5 vertex []\T1/pcr/b/n/9.5 in[] \T1
/pcr/m/n/9.5 unit_square[].[]vertices][] 
 []

Package mdframed Info: mdframed inside twoside mode but
(mdframed)             works with oneside mode on input line 1418.

Overfull \hbox (82.1231pt too wide) in paragraph at lines 1421--1421
[]\T1/pcr/m/n/9.5 new_square_vertices []=[] [vertex []+[] np[].[]array([[]10.[]
, []0.[]]) []\T1/pcr/b/n/9.5 for[] \T1/pcr/m/n/9.5 vertex []\T1/pcr/b/n/9.5 in[
] \T1/pcr/m/n/9.5 unit_square[].[]vertices][] 
 []

Package mdframed Info: mdframed inside twoside mode but
(mdframed)             works with oneside mode on input line 1440.
Package mdframed Info: mdframed inside twoside mode but
(mdframed)             works with oneside mode on input line 1463.
Package mdframed Info: mdframed inside twoside mode but
(mdframed)             works with oneside mode on input line 1482.
Package mdframed Info: mdframed inside twoside mode but
(mdframed)             works with oneside mode on input line 1505.

Package xcolor Warning: Incompatible color definition on input line 1515.


Package xcolor Warning: Incompatible color definition on input line 1515.

[10]
Package mdframed Info: mdframed inside twoside mode but
(mdframed)             works with oneside mode on input line 1528.
Package mdframed Info: mdframed inside twoside mode but
(mdframed)             works with oneside mode on input line 1551.
Package mdframed Info: mdframed inside twoside mode but
(mdframed)             works with oneside mode on input line 1570.
Package mdframed Info: mdframed inside twoside mode but
(mdframed)             works with oneside mode on input line 1592.

Overfull \hbox (65.0231pt too wide) in paragraph at lines 1596--1596
[]    []\T1/pcr/m/sl/9.5 """Apply the map f to each vertex of the Poygon poly, 
returning a new Polygon"""[][] 
 []

Package mdframed Info: mdframed inside twoside mode but
(mdframed)             works with oneside mode on input line 1619.
Package mdframed Info: mdframed inside twoside mode but
(mdframed)             works with oneside mode on input line 1642.
Package mdframed Info: mdframed inside twoside mode but
(mdframed)             works with oneside mode on input line 1671.
File: Arnold_cat_map_files/Arnold_cat_map_44_0.pdf Graphic file (type QTm)
<use  "Arnold_cat_map_files/Arnold_cat_map_44_0.pdf" >
Overfull \vbox (86.08592pt too high) detected at line 1676
 []

Package mdframed Info: Box was splittet wrong
(mdframed)              on input line 1676.

Overfull \vbox (132.72891pt too high) detected at line 1676
 []


Overfull \vbox (103.286pt too high) detected at line 1676
 []

Package mdframed Info: Box was splittet wrong
(mdframed)              on input line 1676.

Overfull \vbox (158.52902pt too high) detected at line 1676
 []


Overfull \vbox (120.48607pt too high) detected at line 1676
 []

Package mdframed Info: Box was splittet wrong
(mdframed)              on input line 1676.

Overfull \vbox (184.32913pt too high) detected at line 1676
 []


Overfull \vbox (137.68614pt too high) detected at line 1676
 []

Package mdframed Info: Box was splittet wrong
(mdframed)              on input line 1676.

Overfull \vbox (210.12924pt too high) detected at line 1676
 []


Overfull \vbox (154.88622pt too high) detected at line 1676
 []

Package mdframed Info: Box was splittet wrong
(mdframed)              on input line 1676.

Overfull \vbox (235.92935pt too high) detected at line 1676
 []


Overfull \vbox (172.08629pt too high) detected at line 1676
 []

Package mdframed Info: Box was splittet wrong
(mdframed)              on input line 1676.

Overfull \vbox (261.72946pt too high) detected at line 1676
 []


Overfull \vbox (189.28636pt too high) detected at line 1676
 []

Package mdframed Info: Box was splittet wrong
(mdframed)              on input line 1676.

Overfull \vbox (287.52957pt too high) detected at line 1676
 []


Overfull \vbox (206.48643pt too high) detected at line 1676
 []

Package mdframed Info: Box was splittet wrong
(mdframed)              on input line 1676.

Overfull \vbox (313.32968pt too high) detected at line 1676
 []


Overfull \vbox (223.68651pt too high) detected at line 1676
 []

Package mdframed Info: Box was splittet wrong
(mdframed)              on input line 1676.

Overfull \vbox (339.12979pt too high) detected at line 1676
 []


Overfull \vbox (240.88658pt too high) detected at line 1676
 []

Package mdframed Info: Box was splittet wrong
(mdframed)              on input line 1676.

Overfull \vbox (364.9299pt too high) detected at line 1676
 []


Overfull \vbox (258.08665pt too high) detected at line 1676
 []

Package mdframed Info: Box was splittet wrong
(mdframed)              on input line 1676.

Overfull \vbox (390.73001pt too high) detected at line 1676
 []


Overfull \vbox (275.28673pt too high) detected at line 1676
 []

Package mdframed Info: Box was splittet wrong
(mdframed)              on input line 1676.

Overfull \vbox (416.53012pt too high) detected at line 1676
 []


Overfull \vbox (292.4868pt too high) detected at line 1676
 []

Package mdframed Info: Box was splittet wrong
(mdframed)              on input line 1676.

Overfull \vbox (442.33023pt too high) detected at line 1676
 []


Overfull \vbox (309.68687pt too high) detected at line 1676
 []

Package mdframed Info: Box was splittet wrong
(mdframed)              on input line 1676.

Overfull \vbox (468.13034pt too high) detected at line 1676
 []


Overfull \vbox (326.88695pt too high) detected at line 1676
 []

Package mdframed Info: Box was splittet wrong
(mdframed)              on input line 1676.

Overfull \vbox (493.93045pt too high) detected at line 1676
 []

[11]
Package mdframed Info: mdframed inside twoside mode but
(mdframed)             works with oneside mode on input line 1689.
Package mdframed Info: mdframed inside twoside mode but
(mdframed)             works with oneside mode on input line 1722.
Package mdframed Info: mdframed inside twoside mode but
(mdframed)             works with oneside mode on input line 1744.
File: Arnold_cat_map_files/Arnold_cat_map_48_0.pdf Graphic file (type QTm)
 <use  "Arnold_cat_map_files/Arnold_cat_map_48_0.pdf" >
Overfull \vbox (191.42963pt too high) detected at line 1749
 []

Package mdframed Info: Box was splittet wrong
(mdframed)              on input line 1749.

Overfull \vbox (290.74448pt too high) detected at line 1749
 []


Overfull \vbox (208.6297pt too high) detected at line 1749
 []

Package mdframed Info: Box was splittet wrong
(mdframed)              on input line 1749.

Overfull \vbox (316.54459pt too high) detected at line 1749
 []


Overfull \vbox (225.82977pt too high) detected at line 1749
 []

Package mdframed Info: Box was splittet wrong
(mdframed)              on input line 1749.

Overfull \vbox (342.3447pt too high) detected at line 1749
 []


Overfull \vbox (243.02985pt too high) detected at line 1749
 []

Package mdframed Info: Box was splittet wrong
(mdframed)              on input line 1749.

Overfull \vbox (368.1448pt too high) detected at line 1749
 []

Package mdframed Info: Not enough space on this page on input line 1749.
[12]
Package mdframed Info: Not enough space on this page on input line 1749.
Package mdframed Info: mdframed inside twoside mode but
(mdframed)             works with oneside mode on input line 1762.
Package mdframed Info: mdframed inside twoside mode but
(mdframed)             works with oneside mode on input line 1784.
File: Arnold_cat_map_files/Arnold_cat_map_50_0.pdf Graphic file (type QTm)
 <use  "Arnold_cat_map_files/Arnold_cat_map_50_0.pdf" > [13]
Package mdframed Info: mdframed inside twoside mode but
(mdframed)             works with oneside mode on input line 1809.
Package mdframed Info: mdframed inside twoside mode but
(mdframed)             works with oneside mode on input line 1829.
Package mdframed Info: mdframed inside twoside mode but
(mdframed)             works with oneside mode on input line 1853.
Package mdframed Info: mdframed inside twoside mode but
(mdframed)             works with oneside mode on input line 1873.

Overfull \hbox (196.12303pt too wide) in paragraph at lines 1879--1879
[]\T1/pcr/m/n/9.5 plt[].[]arrow([]0[], []0[], v[[]0[],[]0[]][]*[][]6[], v[[]1[]
, []0[]][]*[][]6[], axes[]=[]ax1, head_width[]=[][]0.2[], head_length[]=[][]0.1
[], fc[]=[][]"[][]g[][]"[], ec[]=[][]"[][]w[][]"[], width[]=[][]0.05[])[] 
 []

Package mdframed Info: mdframed inside twoside mode but
(mdframed)             works with oneside mode on input line 1900.
File: Arnold_cat_map_files/Arnold_cat_map_55_0.pdf Graphic file (type QTm)
<use  "Arnold_cat_map_files/Arnold_cat_map_55_0.pdf" >
Package mdframed Info: mdframed inside twoside mode but
(mdframed)             works with oneside mode on input line 1918.

Overfull \hbox (207.52303pt too wide) in paragraph at lines 1922--1922
[]\T1/pcr/m/n/9.5 plt[].[]arrow([]0[], []0[], v[[]0[],[]0[]][]*[][]20[], v[[]1[
], []0[]][]*[][]20[], axes[]=[]ax1, head_width[]=[][]0.2[], head_length[]=[][]0
.1[], fc[]=[][]"[][]g[][]"[], ec[]=[][]"[][]w[][]"[], width[]=[][]0.05[])[] 
 []

Package mdframed Info: mdframed inside twoside mode but
(mdframed)             works with oneside mode on input line 1943.
File: Arnold_cat_map_files/Arnold_cat_map_56_0.pdf Graphic file (type QTm)
<use  "Arnold_cat_map_files/Arnold_cat_map_56_0.pdf" >
Overfull \vbox (112.28937pt too high) detected at line 1948
 []

Package mdframed Info: Box was splittet wrong
(mdframed)              on input line 1948.

Overfull \vbox (172.03409pt too high) detected at line 1948
 []


Overfull \vbox (129.48944pt too high) detected at line 1948
 []

Package mdframed Info: Box was splittet wrong
(mdframed)              on input line 1948.

Overfull \vbox (197.8342pt too high) detected at line 1948
 []


Overfull \vbox (146.68951pt too high) detected at line 1948
 []

Package mdframed Info: Box was splittet wrong
(mdframed)              on input line 1948.

Overfull \vbox (223.63431pt too high) detected at line 1948
 []


Overfull \vbox (163.88959pt too high) detected at line 1948
 []

Package mdframed Info: Box was splittet wrong
(mdframed)              on input line 1948.

Overfull \vbox (249.43442pt too high) detected at line 1948
 []


Overfull \vbox (181.08966pt too high) detected at line 1948
 []

Package mdframed Info: Box was splittet wrong
(mdframed)              on input line 1948.

Overfull \vbox (275.23453pt too high) detected at line 1948
 []


Overfull \vbox (198.28973pt too high) detected at line 1948
 []

Package mdframed Info: Box was splittet wrong
(mdframed)              on input line 1948.

Overfull \vbox (301.03464pt too high) detected at line 1948
 []


Overfull \vbox (215.4898pt too high) detected at line 1948
 []

Package mdframed Info: Box was splittet wrong
(mdframed)              on input line 1948.

Overfull \vbox (326.83475pt too high) detected at line 1948
 []


Overfull \vbox (232.68988pt too high) detected at line 1948
 []

Package mdframed Info: Box was splittet wrong
(mdframed)              on input line 1948.

Overfull \vbox (352.63486pt too high) detected at line 1948
 []


Overfull \vbox (249.88995pt too high) detected at line 1948
 []

Package mdframed Info: Box was splittet wrong
(mdframed)              on input line 1948.

Overfull \vbox (378.43497pt too high) detected at line 1948
 []

[14]
Package mdframed Info: mdframed inside twoside mode but
(mdframed)             works with oneside mode on input line 1961.


Package xcolor Warning: Incompatible color definition on input line 1995.


Package xcolor Warning: Incompatible color definition on input line 1995.

Package mdframed Info: mdframed inside twoside mode but
(mdframed)             works with oneside mode on input line 2007.
Package mdframed Info: mdframed inside twoside mode but
(mdframed)             works with oneside mode on input line 2027.
Package mdframed Info: mdframed inside twoside mode but
(mdframed)             works with oneside mode on input line 2048.
[15]
Package mdframed Info: mdframed inside twoside mode but
(mdframed)             works with oneside mode on input line 2073.
Package mdframed Info: mdframed inside twoside mode but
(mdframed)             works with oneside mode on input line 2095.
Package mdframed Info: mdframed inside twoside mode but
(mdframed)             works with oneside mode on input line 2116.
Package mdframed Info: mdframed inside twoside mode but
(mdframed)             works with oneside mode on input line 2167.
Package mdframed Info: mdframed inside twoside mode but
(mdframed)             works with oneside mode on input line 2195.
 [16]
Package mdframed Info: mdframed inside twoside mode but
(mdframed)             works with oneside mode on input line 2247.
Package mdframed Info: mdframed inside twoside mode but
(mdframed)             works with oneside mode on input line 2297.


Package xcolor Warning: Incompatible color definition on input line 2350.

Package mdframed Info: mdframed inside twoside mode but
(mdframed)             works with oneside mode on input line 2359.
[17]
Package mdframed Info: mdframed inside twoside mode but
(mdframed)             works with oneside mode on input line 2412.
Package mdframed Info: mdframed inside twoside mode but
(mdframed)             works with oneside mode on input line 2433.
Package mdframed Info: mdframed inside twoside mode but
(mdframed)             works with oneside mode on input line 2485.
Package mdframed Info: mdframed inside twoside mode but
(mdframed)             works with oneside mode on input line 2535.
 [18]
Package mdframed Info: mdframed inside twoside mode but
(mdframed)             works with oneside mode on input line 2586.
Package mdframed Info: mdframed inside twoside mode but
(mdframed)             works with oneside mode on input line 2634.
Package mdframed Info: mdframed inside twoside mode but
(mdframed)             works with oneside mode on input line 2684.
Package mdframed Info: mdframed inside twoside mode but
(mdframed)             works with oneside mode on input line 2704.

Overfull \hbox (184.72304pt too wide) in paragraph at lines 2707--2707
[]\T1/pcr/m/n/9.5 new_vertices_float []=[] np[].[]array([vertex[].[]subs({alpha
:[]0.5[]})[].[]evalf() []\T1/pcr/b/n/9.5 for[] \T1/pcr/m/n/9.5 vertex []\T1/pcr
/b/n/9.5 in[] \T1/pcr/m/n/9.5 new_vertices(alpha, beta)])[] 
 []


Package xcolor Warning: Incompatible color definition on input line 2747.


Package xcolor Warning: Incompatible color definition on input line 2747.

[19]
Package mdframed Info: mdframed inside twoside mode but
(mdframed)             works with oneside mode on input line 2760.

No file Arnold_cat_map.ind.
Package atveryend Info: Empty hook `BeforeClearDocument' on input line 2777.
[20]
Package atveryend Info: Empty hook `AfterLastShipout' on input line 2777.
 (./Arnold_cat_map.aux)
Package atveryend Info: Empty hook `AtVeryEndDocument' on input line 2777.
Package atveryend Info: Empty hook `AtEndAfterFileList' on input line 2777.
Package atveryend Info: Empty hook `AtVeryVeryEnd' on input line 2777.
 ) 
Here is how much of TeX's memory you used:
 26309 strings out of 494004
 450427 string characters out of 3150890
 628746 words of memory out of 3000000
 29013 multiletter control sequences out of 15000+200000
 39458 words of font info for 56 fonts, out of 3000000 for 9000
 1145 hyphenation exceptions out of 8191
 56i,9n,78p,933b,957s stack positions out of 5000i,500n,10000p,200000b,50000s

Output written on Arnold_cat_map.pdf (20 pages).
